{"numTotalTestSuites":255,"numPassedTestSuites":238,"numFailedTestSuites":17,"numPendingTestSuites":0,"numTotalTests":910,"numPassedTests":878,"numFailedTests":32,"numPendingTests":0,"numTodoTests":0,"snapshot":{"added":0,"failure":false,"filesAdded":0,"filesRemoved":0,"filesRemovedList":[],"filesUnmatched":0,"filesUpdated":0,"matched":0,"total":0,"unchecked":0,"uncheckedKeysByFile":[],"unmatched":0,"updated":0,"didUpdate":false},"startTime":1789600473752,"success":false,"testResults":[{"assertionResults":[{"ancestorTitles":["the board request"],"fullName":"the board request marks a repeat ask as a poll, and an ordinary one not at all","status":"passed","title":"marks a repeat ask as a poll, and an ordinary one not at all","duration":11.893000000000029,"failureMessages":[],"meta":{},"tags":[]},{"ancestorTitles":["the detail request"],"fullName":"the detail request opts into tone only for the hub reader","status":"passed","title":"opts into tone only for the hub reader","duration":2.977899999999863,"failureMessages":[],"meta":{},"tags":[]},{"ancestorTitles":["search"],"fullName":"search asks for the query and unwraps the matches","status":"passed","title":"asks for the query and unwraps the matches","duration":3.871900000000096,"failureMessages":[],"meta":{},"tags":[]},{"ancestorTitles":["watching"],"fullName":"watching PUTs to mark and DELETEs to unmark, with the csrf token, and returns the list","status":"passed","title":"PUTs to mark and DELETEs to unmark, with the csrf token, and returns the list","duration":11.357300000000123,"failureMessages":[],"meta":{},"tags":[]},{"ancestorTitles":["sort in the query"],"fullName":"sort in the query is absent when no sort is asked for","status":"passed","title":"is absent when no sort is asked for","duration":2.4927999999999884,"failureMessages":[],"meta":{},"tags":[]},{"ancestorTitles":["sort in the query"],"fullName":"sort in the query carries the key and the direction when one is","status":"passed","title":"carries the key and the direction when one is","duration":1.6221000000000458,"failureMessages":[],"meta":{},"tags":[]},{"ancestorTitles":["defaultDirection"],"fullName":"defaultDirection reads ticker A to Z and every number largest first","status":"passed","title":"reads ticker A to Z and every number largest first","duration":1.7854000000002088,"failureMessages":[],"meta":{},"tags":[]}],"startTime":1789600495001,"endTime":1789600495037.7854,"status":"passed","message":"","name":"C:/Users/michi/Desktop/CodingStuff/.worktrees/radar-selected-price-charts/personal_apps/static/radar/src/api.test.ts"},{"assertionResults":[{"ancestorTitles":["the opening board"],"fullName":"the opening board is the embedded one when the document carries it, without a request","status":"passed","title":"is the embedded one when the document carries it, without a request","duration":54.319200000000365,"failureMessages":[],"meta":{},"tags":[]},{"ancestorTitles":["the opening board"],"fullName":"the opening board is fetched for the page's own query when nothing is embedded","status":"passed","title":"is fetched for the page's own query when nothing is embedded","duration":5.713799999999992,"failureMessages":[],"meta":{},"tags":[]},{"ancestorTitles":["the opening board"],"fullName":"the opening board reads an older document without a market as the US board","status":"passed","title":"reads an older document without a market as the US board","duration":1.686500000000251,"failureMessages":[],"meta":{},"tags":[]},{"ancestorTitles":["the opening board"],"fullName":"the opening board refuses a board for any market but the US one, never relabelling it","status":"passed","title":"refuses a board for any market but the US one, never relabelling it","duration":1.884099999999762,"failureMessages":[],"meta":{},"tags":[]},{"ancestorTitles":["the opening board"],"fullName":"the opening board is null when the fetch lands on the login page","status":"passed","title":"is null when the fetch lands on the login page","duration":3.4679000000000997,"failureMessages":[],"meta":{},"tags":[]},{"ancestorTitles":["the opening board"],"fullName":"the opening board is null when the network fails, never a throw into React","status":"passed","title":"is null when the network fails, never a throw into React","duration":3.1791999999995824,"failureMessages":[],"meta":{},"tags":[]},{"ancestorTitles":["a document that was served while the board was being built"],"fullName":"a document that was served while the board was being built opens on the waiting shell rather than on nothing at all","status":"passed","title":"opens on the waiting shell rather than on nothing at all","duration":1.5679999999997563,"failureMessages":[],"meta":{},"tags":[]},{"ancestorTitles":["a document that was served while the board was being built"],"fullName":"a document that was served while the board was being built still refuses a null board that claims nobody is building one","status":"passed","title":"still refuses a null board that claims nobody is building one","duration":1.604899999999816,"failureMessages":[],"meta":{},"tags":[]}],"startTime":1789600493696,"endTime":1789600493769.605,"status":"passed","message":"","name":"C:/Users/michi/Desktop/CodingStuff/.worktrees/radar-selected-price-charts/personal_apps/static/radar/src/embedded.test.ts"},{"assertionResults":[{"ancestorTitles":["a board's age on its age line"],"fullName":"a board's age on its age line counts seconds, then minutes, then hours and days","status":"passed","title":"counts seconds, then minutes, then hours and days","duration":2.9980000000000473,"failureMessages":[],"meta":{},"tags":[]},{"ancestorTitles":["an unknown never renders as a zero"],"fullName":"an unknown never renders as a zero says so in words for divergence","status":"passed","title":"says so in words for divergence","duration":0.6066000000000713,"failureMessages":[],"meta":{},"tags":[]},{"ancestorTitles":["an unknown never renders as a zero"],"fullName":"an unknown never renders as a zero uses an em-dash for an unknown price move","status":"passed","title":"uses an em-dash for an unknown price move","duration":0.3816999999999098,"failureMessages":[],"meta":{},"tags":[]},{"ancestorTitles":["an unknown never renders as a zero"],"fullName":"an unknown never renders as a zero uses an em-dash for an unscored window","status":"passed","title":"uses an em-dash for an unscored window","duration":0.2990999999997257,"failureMessages":[],"meta":{},"tags":[]},{"ancestorTitles":["signed numbers"],"fullName":"signed numbers marks a rise and sets a fall with a real minus","status":"passed","title":"marks a rise and sets a fall with a real minus","duration":0.33530000000018845,"failureMessages":[],"meta":{},"tags":[]},{"ancestorTitles":["signed numbers"],"fullName":"signed numbers never prints a negative zero","status":"passed","title":"never prints a negative zero","duration":0.290599999999813,"failureMessages":[],"meta":{},"tags":[]},{"ancestorTitles":["labels"],"fullName":"labels renders a source the label table does not know","status":"passed","title":"renders a source the label table does not know","duration":0.3955999999998312,"failureMessages":[],"meta":{},"tags":[]},{"ancestorTitles":["labels"],"fullName":"labels names the venue, not the subreddit","status":"passed","title":"names the venue, not the subreddit","duration":0.4762999999998101,"failureMessages":[],"meta":{},"tags":[]},{"ancestorTitles":["labels"],"fullName":"labels still falls through for an unknown root with a suffix","status":"passed","title":"still falls through for an unknown root with a suffix","duration":0.3330000000000837,"failureMessages":[],"meta":{},"tags":[]},{"ancestorTitles":["the stamp"],"fullName":"the stamp formats the same UTC instant in Berlin summer time","status":"passed","title":"formats the same UTC instant in Berlin summer time","duration":30.90119999999979,"failureMessages":[],"meta":{},"tags":[]},{"ancestorTitles":["the stamp"],"fullName":"the stamp formats Berlin winter time without using the machine timezone","status":"passed","title":"formats Berlin winter time without using the machine timezone","duration":0.8733000000001994,"failureMessages":[],"meta":{},"tags":[]},{"ancestorTitles":["the stamp"],"fullName":"the stamp does not crash on a malformed timestamp","status":"passed","title":"does not crash on a malformed timestamp","duration":0.24179999999978463,"failureMessages":[],"meta":{},"tags":[]},{"ancestorTitles":["the stamp"],"fullName":"the stamp dates retained posts in Berlin time","status":"passed","title":"dates retained posts in Berlin time","duration":2.329699999999775,"failureMessages":[],"meta":{},"tags":[]},{"ancestorTitles":["the stamp"],"fullName":"the stamp dates in English, in Berlin time","status":"passed","title":"dates in English, in Berlin time","duration":0.8985999999999876,"failureMessages":[],"meta":{},"tags":[]},{"ancestorTitles":["what the source escaped"],"fullName":"what the source escaped is decoded as text, once","status":"passed","title":"is decoded as text, once","duration":0.5363999999999578,"failureMessages":[],"meta":{},"tags":[]},{"ancestorTitles":["the panel identity line"],"fullName":"the panel identity line names the exchange rather than printing its code","status":"passed","title":"names the exchange rather than printing its code","duration":0.2770999999997912,"failureMessages":[],"meta":{},"tags":[]},{"ancestorTitles":["the panel identity line"],"fullName":"the panel identity line renders a code it has never seen rather than dropping it","status":"passed","title":"renders a code it has never seen rather than dropping it","duration":0.25520000000005894,"failureMessages":[],"meta":{},"tags":[]},{"ancestorTitles":["a date inside a sentence"],"fullName":"a date inside a sentence is not the storage format","status":"passed","title":"is not the storage format","duration":0.25520000000005894,"failureMessages":[],"meta":{},"tags":[]},{"ancestorTitles":["a date inside a sentence"],"fullName":"a date inside a sentence is an unknown, not an empty string, when there is no date","status":"passed","title":"is an unknown, not an empty string, when there is no date","duration":0.16429999999991196,"failureMessages":[],"meta":{},"tags":[]},{"ancestorTitles":["the price under a ticker"],"fullName":"the price under a ticker says the exchange is shut rather than showing a live-looking number","status":"passed","title":"says the exchange is shut rather than showing a live-looking number","duration":0.22619999999960783,"failureMessages":[],"meta":{},"tags":[]},{"ancestorTitles":["the price under a ticker"],"fullName":"the price under a ticker treats a quote of zero as no quote, not as a price of nothing","status":"passed","title":"treats a quote of zero as no quote, not as a price of nothing","duration":0.2683999999999287,"failureMessages":[],"meta":{},"tags":[]},{"ancestorTitles":["the price under a ticker"],"fullName":"the price under a ticker keeps a sub-dollar price at a precision that still has a price in it","status":"passed","title":"keeps a sub-dollar price at a precision that still has a price in it","duration":0.22490000000016153,"failureMessages":[],"meta":{},"tags":[]},{"ancestorTitles":["the price under a ticker"],"fullName":"the price under a ticker drops the cents once they are noise","status":"passed","title":"drops the cents once they are noise","duration":0.1813999999999396,"failureMessages":[],"meta":{},"tags":[]},{"ancestorTitles":["money"],"fullName":"money formats a market price as US dollars, $194.20 style","status":"passed","title":"formats a market price as US dollars, $194.20 style","duration":6.773000000000138,"failureMessages":[],"meta":{},"tags":[]},{"ancestorTitles":["money"],"fullName":"money never gives a non-dollar value a dollar sign or a euro sign","status":"passed","title":"never gives a non-dollar value a dollar sign or a euro sign","duration":0.8396999999999935,"failureMessages":[],"meta":{},"tags":[]},{"ancestorTitles":["money"],"fullName":"money labels delayed quote age in a human unit and preserves an unknown age","status":"passed","title":"labels delayed quote age in a human unit and preserves an unknown age","duration":0.3136999999996988,"failureMessages":[],"meta":{},"tags":[]},{"ancestorTitles":["money"],"fullName":"money formats both ends of a range by the larger end","status":"passed","title":"formats both ends of a range by the larger end","duration":0.24860000000035143,"failureMessages":[],"meta":{},"tags":[]},{"ancestorTitles":["count"],"fullName":"count groups a figure too long to read at a glance","status":"passed","title":"groups a figure too long to read at a glance","duration":0.35399999999981446,"failureMessages":[],"meta":{},"tags":[]},{"ancestorTitles":["count"],"fullName":"count does not follow the reader locale","status":"passed","title":"does not follow the reader locale","duration":0.233600000000024,"failureMessages":[],"meta":{},"tags":[]},{"ancestorTitles":["money is always dollars"],"fullName":"money is always dollars prints the dollar sign and takes no currency","status":"passed","title":"prints the dollar sign and takes no currency","duration":0.22249999999985448,"failureMessages":[],"meta":{},"tags":[]}],"startTime":1789600493379,"endTime":1789600493434.2224,"status":"passed","message":"","name":"C:/Users/michi/Desktop/CodingStuff/.worktrees/radar-selected-price-charts/personal_apps/static/radar/src/format.test.ts"},{"assertionResults":[{"ancestorTitles":["the embedded payload"],"fullName":"the embedded payload is rejected rather than parsed into a page that throws later","status":"passed","title":"is rejected rather than parsed into a page that throws later","duration":15.182099999999991,"failureMessages":[],"meta":{},"tags":[]},{"ancestorTitles":["the embedded payload"],"fullName":"the embedded payload accepts a board that has rows, including an empty one","status":"passed","title":"accepts a board that has rows, including an empty one","duration":2.1950999999999112,"failureMessages":[],"meta":{},"tags":[]},{"ancestorTitles":["the embedded payload"],"fullName":"the embedded payload falls back to US for a legacy embedded payload with an invalid market","status":"failed","title":"falls back to US for a legacy embedded payload with an invalid market","duration":18.08979999999974,"failureMessages":["AssertionError: expected undefined to be 'us' // Object.is equality\n    at C:/Users/michi/Desktop/CodingStuff/.worktrees/radar-selected-price-charts/personal_apps/static/radar/src/hardening.test.tsx:158:8\n    at file:///C:/Users/michi/Desktop/CodingStuff/.worktrees/radar-selected-price-charts/personal_apps/node_modules/@vitest/runner/dist/chunk-artifact.js:302:11\n    at file:///C:/Users/michi/Desktop/CodingStuff/.worktrees/radar-selected-price-charts/personal_apps/node_modules/@vitest/runner/dist/chunk-artifact.js:1903:26\n    at file:///C:/Users/michi/Desktop/CodingStuff/.worktrees/radar-selected-price-charts/personal_apps/node_modules/@vitest/runner/dist/chunk-artifact.js:2326:20\n    at new Promise (<anonymous>)\n    at runWithCancel (file:///C:/Users/michi/Desktop/CodingStuff/.worktrees/radar-selected-price-charts/personal_apps/node_modules/@vitest/runner/dist/chunk-artifact.js:2323:10)\n    at file:///C:/Users/michi/Desktop/CodingStuff/.worktrees/radar-selected-price-charts/personal_apps/node_modules/@vitest/runner/dist/chunk-artifact.js:2305:20\n    at new Promise (<anonymous>)\n    at runWithTimeout (file:///C:/Users/michi/Desktop/CodingStuff/.worktrees/radar-selected-price-charts/personal_apps/node_modules/@vitest/runner/dist/chunk-artifact.js:2272:10)\n    at file:///C:/Users/michi/Desktop/CodingStuff/.worktrees/radar-selected-price-charts/personal_apps/node_modules/@vitest/runner/dist/chunk-artifact.js:2955:64"],"meta":{},"tags":[]},{"ancestorTitles":["quote movement in the identity"],"fullName":"quote movement in the identity separates regular and after-hours movement","status":"passed","title":"separates regular and after-hours movement","duration":223.8103000000001,"failureMessages":[],"meta":{},"tags":[]},{"ancestorTitles":["quote movement in the identity"],"fullName":"quote movement in the identity says a stale quote's age in a human unit, like the row does","status":"passed","title":"says a stale quote's age in a human unit, like the row does","duration":17.371799999999894,"failureMessages":[],"meta":{},"tags":[]},{"ancestorTitles":["quote movement in the identity"],"fullName":"quote movement in the identity names a frozen tape even when its provider quote is live","status":"passed","title":"names a frozen tape even when its provider quote is live","duration":18.19589999999971,"failureMessages":[],"meta":{},"tags":[]},{"ancestorTitles":["quote movement in the identity"],"fullName":"quote movement in the identity never prints null for an unavailable quote source or currency","status":"passed","title":"never prints null for an unavailable quote source or currency","duration":33.77059999999983,"failureMessages":[],"meta":{},"tags":[]},{"ancestorTitles":["quote movement in the identity"],"fullName":"quote movement in the identity uses the quoted instant's Berlin date for EOD","status":"passed","title":"uses the quoted instant's Berlin date for EOD","duration":49.323599999999715,"failureMessages":[],"meta":{},"tags":[]},{"ancestorTitles":["a zone that throws"],"fullName":"a zone that throws leaves words on the page instead of unmounting the tree","status":"passed","title":"leaves words on the page instead of unmounting the tree","duration":45.6262999999999,"failureMessages":[],"meta":{},"tags":[]},{"ancestorTitles":["a zone that throws"],"fullName":"a zone that throws does not take the rest of the board down with it","status":"passed","title":"does not take the rest of the board down with it","duration":19.22519999999986,"failureMessages":[],"meta":{},"tags":[]},{"ancestorTitles":["the panel across a row change"],"fullName":"the panel across a row change keeps the chart span the reader chose","status":"passed","title":"keeps the chart span the reader chose","duration":771.0594000000001,"failureMessages":[],"meta":{},"tags":[]},{"ancestorTitles":["the panel across a row change"],"fullName":"the panel across a row change still clears a tripped boundary when the ticker changes","status":"passed","title":"still clears a tripped boundary when the ticker changes","duration":10.681299999999283,"failureMessages":[],"meta":{},"tags":[]},{"ancestorTitles":["the span the chart opens on"],"fullName":"the span the chart opens on opens on one week regardless of available history","status":"passed","title":"opens on one week regardless of available history","duration":1.3091000000003987,"failureMessages":[],"meta":{},"tags":[]},{"ancestorTitles":["the chart draws itself"],"fullName":"the chart draws itself separates the furniture from the data so the wipe has something to wipe","status":"passed","title":"separates the furniture from the data so the wipe has something to wipe","duration":148.1269000000002,"failureMessages":[],"meta":{},"tags":[]},{"ancestorTitles":["the chart draws itself"],"fullName":"the chart draws itself is drawn by default, not revealed by a class","status":"passed","title":"is drawn by default, not revealed by a class","duration":171.4982,"failureMessages":[],"meta":{},"tags":[]},{"ancestorTitles":["what a failing status actually says"],"fullName":"what a failing status actually says separates a missing ticker from an unreachable board","status":"passed","title":"separates a missing ticker from an unreachable board","duration":10.194400000000314,"failureMessages":[],"meta":{},"tags":[]},{"ancestorTitles":["what a failing status actually says"],"fullName":"what a failing status actually says names a server error as one","status":"passed","title":"names a server error as one","duration":4.865400000000591,"failureMessages":[],"meta":{},"tags":[]},{"ancestorTitles":["what a failing status actually says"],"fullName":"what a failing status actually says says so when it is being rate-limited","status":"passed","title":"says so when it is being rate-limited","duration":5.725199999999859,"failureMessages":[],"meta":{},"tags":[]},{"ancestorTitles":["what a failing status actually says"],"fullName":"what a failing status actually says treats a rejected session as a session, not a network fault","status":"passed","title":"treats a rejected session as a session, not a network fault","duration":0.9971999999997934,"failureMessages":[],"meta":{},"tags":[]},{"ancestorTitles":["what a failing status actually says"],"fullName":"what a failing status actually says carries a sentence, not the bare reason word","status":"passed","title":"carries a sentence, not the bare reason word","duration":1.0243000000000393,"failureMessages":[],"meta":{},"tags":[]},{"ancestorTitles":["a panel that failed"],"fullName":"a panel that failed offers a way back rather than a dead end","status":"passed","title":"offers a way back rather than a dead end","duration":250.15190000000075,"failureMessages":[],"meta":{},"tags":[]},{"ancestorTitles":["a panel that failed"],"fullName":"a panel that failed still offers a way out when the DEAD ticker is the top row","status":"passed","title":"still offers a way out when the DEAD ticker is the top row","duration":167.20710000000054,"failureMessages":[],"meta":{},"tags":[]},{"ancestorTitles":["a panel that failed"],"fullName":"a panel that failed can retry the same ticker without leaving it","status":"passed","title":"can retry the same ticker without leaving it","duration":220.94859999999971,"failureMessages":[],"meta":{},"tags":[]},{"ancestorTitles":["an empty board"],"fullName":"an empty board does not invite a selection from a list with nothing in it","status":"passed","title":"does not invite a selection from a list with nothing in it","duration":28.72769999999946,"failureMessages":[],"meta":{},"tags":[]},{"ancestorTitles":["an empty board"],"fullName":"an empty board names the two controls that would widen the net once","status":"passed","title":"names the two controls that would widen the net once","duration":50.824499999999716,"failureMessages":[],"meta":{},"tags":[]},{"ancestorTitles":["the marks"],"fullName":"the marks says what each one on the board means","status":"passed","title":"says what each one on the board means","duration":105.19850000000042,"failureMessages":[],"meta":{},"tags":[]},{"ancestorTitles":["the marks"],"fullName":"the marks does not define a mark the header has already taken over","status":"passed","title":"does not define a mark the header has already taken over","duration":45.9362000000001,"failureMessages":[],"meta":{},"tags":[]},{"ancestorTitles":["the marks"],"fullName":"the marks explains nothing when no row carries a mark","status":"passed","title":"explains nothing when no row carries a mark","duration":50.378600000000006,"failureMessages":[],"meta":{},"tags":[]},{"ancestorTitles":["a post nobody sized"],"fullName":"a post nobody sized clips a wall of text rather than letting it become the page","status":"passed","title":"clips a wall of text rather than letting it become the page","duration":28.617599999999584,"failureMessages":[],"meta":{},"tags":[]},{"ancestorTitles":["a post nobody sized"],"fullName":"a post nobody sized opens it in place rather than hiding it for good","status":"passed","title":"opens it in place rather than hiding it for good","duration":90.2511999999997,"failureMessages":[],"meta":{},"tags":[]},{"ancestorTitles":["a post nobody sized"],"fullName":"a post nobody sized leaves an ordinary post alone","status":"passed","title":"leaves an ordinary post alone","duration":10.975400000000263,"failureMessages":[],"meta":{},"tags":[]},{"ancestorTitles":["a post nobody sized"],"fullName":"a post nobody sized shows the post date in Radar's Berlin timezone, in English","status":"passed","title":"shows the post date in Radar's Berlin timezone, in English","duration":12.691899999999805,"failureMessages":[],"meta":{},"tags":[]},{"ancestorTitles":["a post nobody sized"],"fullName":"a post nobody sized renders what the source escaped, not the escaping","status":"passed","title":"renders what the source escaped, not the escaping","duration":10.73739999999998,"failureMessages":[],"meta":{},"tags":[]},{"ancestorTitles":["how old the board is"],"fullName":"how old the board is always says how long ago the board was calculated","status":"passed","title":"always says how long ago the board was calculated","duration":35.795500000000175,"failureMessages":[],"meta":{},"tags":[]},{"ancestorTitles":["how old the board is"],"fullName":"how old the board is stops printing an age that has stopped being true","status":"passed","title":"stops printing an age that has stopped being true","duration":133.6196,"failureMessages":[],"meta":{},"tags":[]},{"ancestorTitles":["mobile continuity"],"fullName":"mobile continuity labels a daily 1D fallback as a daily close in both caption and legend","status":"passed","title":"labels a daily 1D fallback as a daily close in both caption and legend","duration":153.6953999999996,"failureMessages":[],"meta":{},"tags":[]},{"ancestorTitles":["mobile continuity"],"fullName":"mobile continuity keeps the chart basis note outside the horizontally panning plot","status":"passed","title":"keeps the chart basis note outside the horizontally panning plot","duration":110.38479999999981,"failureMessages":[],"meta":{},"tags":[]},{"ancestorTitles":["mobile continuity"],"fullName":"mobile continuity offers a route from the loaded panel back to the selected row","status":"passed","title":"offers a route from the loaded panel back to the selected row","duration":118.5591000000004,"failureMessages":[],"meta":{},"tags":[]},{"ancestorTitles":["mobile continuity"],"fullName":"mobile continuity opens a panning chart on its newest data","status":"passed","title":"opens a panning chart on its newest data","duration":99.85770000000048,"failureMessages":[],"meta":{},"tags":[]},{"ancestorTitles":["printing the chart"],"fullName":"printing the chart keeps the selected span in the printable content","status":"passed","title":"keeps the selected span in the printable content","duration":186.77619999999933,"failureMessages":[],"meta":{},"tags":[]}],"startTime":1789600478548,"endTime":1789600482030.7761,"status":"failed","message":"","name":"C:/Users/michi/Desktop/CodingStuff/.worktrees/radar-selected-price-charts/personal_apps/static/radar/src/hardening.test.tsx"},{"assertionResults":[{"ancestorTitles":["the busy board recedes without dimming text"],"fullName":"the busy board recedes without dimming text quiets the chart drawing, not the words beside it","status":"passed","title":"quiets the chart drawing, not the words beside it","duration":2.0034999999998035,"failureMessages":[],"meta":{},"tags":[]},{"ancestorTitles":["every reveal degrades to a finished surface"],"fullName":"every reveal degrades to a finished surface has animations to check","status":"passed","title":"has animations to check","duration":0.4443999999998596,"failureMessages":[],"meta":{},"tags":[]},{"ancestorTitles":["every reveal degrades to a finished surface"],"fullName":"every reveal degrades to a finished surface never fills forwards","status":"passed","title":"never fills forwards","duration":0.968000000000302,"failureMessages":[],"meta":{},"tags":[]},{"ancestorTitles":["every reveal degrades to a finished surface"],"fullName":"every reveal degrades to a finished surface states a fill mode rather than relying on the default","status":"passed","title":"states a fill mode rather than relying on the default","duration":0.8279999999999745,"failureMessages":[],"meta":{},"tags":[]},{"ancestorTitles":["every reveal degrades to a finished surface"],"fullName":"every reveal degrades to a finished surface animates the FROM: no keyframe sets a visible end state","status":"passed","title":"animates the FROM: no keyframe sets a visible end state","duration":0.7875000000003638,"failureMessages":[],"meta":{},"tags":[]},{"ancestorTitles":["accessibility contracts in the stylesheet"],"fullName":"accessibility contracts in the stylesheet does not dim the count inside a pressed filter chip","status":"passed","title":"does not dim the count inside a pressed filter chip","duration":1.369199999999637,"failureMessages":[],"meta":{},"tags":[]},{"ancestorTitles":["accessibility contracts in the stylesheet"],"fullName":"accessibility contracts in the stylesheet raises the touch targets on a coarse pointer","status":"passed","title":"raises the touch targets on a coarse pointer","duration":0.3492999999998574,"failureMessages":[],"meta":{},"tags":[]},{"ancestorTitles":["accessibility contracts in the stylesheet"],"fullName":"accessibility contracts in the stylesheet keeps the column-header styling off the row header","status":"passed","title":"keeps the column-header styling off the row header","duration":0.3556000000003223,"failureMessages":[],"meta":{},"tags":[]},{"ancestorTitles":["accessibility contracts in the stylesheet"],"fullName":"accessibility contracts in the stylesheet stacks the identity price below its facts on a 390px screen","status":"passed","title":"stacks the identity price below its facts on a 390px screen","duration":0.6752000000001317,"failureMessages":[],"meta":{},"tags":[]},{"ancestorTitles":["reduced motion"],"fullName":"reduced motion still turns everything off","status":"passed","title":"still turns everything off","duration":0.4032999999999447,"failureMessages":[],"meta":{},"tags":[]},{"ancestorTitles":["expanding retained posts"],"fullName":"expanding retained posts does not animate the height of every post in the panel","status":"passed","title":"does not animate the height of every post in the panel","duration":0.3405000000002474,"failureMessages":[],"meta":{},"tags":[]},{"ancestorTitles":["the age line"],"fullName":"the age line quiets the refreshing token, never the line a failure is printed in","status":"passed","title":"quiets the refreshing token, never the line a failure is printed in","duration":0.22299999999995634,"failureMessages":[],"meta":{},"tags":[]},{"ancestorTitles":["printing from a narrow viewport"],"fullName":"printing from a narrow viewport does not print controls that only make sense on a panning screen","status":"passed","title":"does not print controls that only make sense on a panning screen","duration":0.21669999999994616,"failureMessages":[],"meta":{},"tags":[]}],"startTime":1789600495340,"endTime":1789600495350.2168,"status":"passed","message":"","name":"C:/Users/michi/Desktop/CodingStuff/.worktrees/radar-selected-price-charts/personal_apps/static/radar/src/motion.test.ts"},{"assertionResults":[{"ancestorTitles":["what the age line says about a board"],"fullName":"what the age line says about a board reads a fresh board as its age alone","status":"passed","title":"reads a fresh board as its age alone","duration":4.478699999999662,"failureMessages":[],"meta":{},"tags":[]},{"ancestorTitles":["what the age line says about a board"],"fullName":"what the age line says about a board says what is done about a board past its bound, by who built it","status":"passed","title":"says what is done about a board past its bound, by who built it","duration":2.214400000000296,"failureMessages":[],"meta":{},"tags":[]},{"ancestorTitles":["what the age line says about a board"],"fullName":"what the age line says about a board stops printing an age past the hard expiry, and has none for a shell","status":"passed","title":"stops printing an age past the hard expiry, and has none for a shell","duration":0.9330999999997402,"failureMessages":[],"meta":{},"tags":[]},{"ancestorTitles":["how soon to ask again"],"fullName":"how soon to ask again walks the schedule while the wait is still young","status":"passed","title":"walks the schedule while the wait is still young","duration":0.6015000000002146,"failureMessages":[],"meta":{},"tags":[]},{"ancestorTitles":["how soon to ask again"],"fullName":"how soon to ask again settles at five seconds once the reader has waited half a minute","status":"passed","title":"settles at five seconds once the reader has waited half a minute","duration":0.6507000000001426,"failureMessages":[],"meta":{},"tags":[]},{"ancestorTitles":["how soon to ask again"],"fullName":"how soon to ask again never asks sooner than the server said to","status":"passed","title":"never asks sooner than the server said to","duration":0.34760000000005675,"failureMessages":[],"meta":{},"tags":[]},{"ancestorTitles":["how soon to ask again"],"fullName":"how soon to ask again spreads every delay upward, so a crowd does not march","status":"passed","title":"spreads every delay upward, so a crowd does not march","duration":11.830699999999979,"failureMessages":[],"meta":{},"tags":[]},{"ancestorTitles":["how soon to ask again"],"fullName":"how soon to ask again still spreads a crowd the server has put a floor under","status":"passed","title":"still spreads a crowd the server has put a floor under","duration":15.877300000000105,"failureMessages":[],"meta":{},"tags":[]},{"ancestorTitles":["the poller"],"fullName":"the poller asks again on the schedule until it is stopped","status":"passed","title":"asks again on the schedule until it is stopped","duration":7.787799999999606,"failureMessages":[],"meta":{},"tags":[]},{"ancestorTitles":["the poller"],"fullName":"the poller takes the server's own retry floor from the answer","status":"passed","title":"takes the server's own retry floor from the answer","duration":2.0200999999997293,"failureMessages":[],"meta":{},"tags":[]},{"ancestorTitles":["the poller"],"fullName":"the poller stops asking while the tab is hidden and asks at once when it is back","status":"passed","title":"stops asking while the tab is hidden and asks at once when it is back","duration":4.725699999999961,"failureMessages":[],"meta":{},"tags":[]},{"ancestorTitles":["the poller"],"fullName":"the poller comes back from a hidden tab as one chain, never two","status":"passed","title":"comes back from a hidden tab as one chain, never two","duration":6.314800000000105,"failureMessages":[],"meta":{},"tags":[]},{"ancestorTitles":["the poller"],"fullName":"the poller drops an answer that belongs to a wait it has already left","status":"passed","title":"drops an answer that belongs to a wait it has already left","duration":7.700400000000172,"failureMessages":[],"meta":{},"tags":[]},{"ancestorTitles":["the poller"],"fullName":"the poller survives a throw rather than ending the wait on one bad answer","status":"passed","title":"survives a throw rather than ending the wait on one bad answer","duration":1.3746000000001004,"failureMessages":[],"meta":{},"tags":[]},{"ancestorTitles":["the poller"],"fullName":"the poller asks at once when told to, as its own next ask","status":"passed","title":"asks at once when told to, as its own next ask","duration":5.927000000000135,"failureMessages":[],"meta":{},"tags":[]},{"ancestorTitles":["the poller"],"fullName":"the poller never asks beside an ask already out, nor for a hidden tab","status":"passed","title":"never asks beside an ask already out, nor for a hidden tab","duration":1.2419999999997344,"failureMessages":[],"meta":{},"tags":[]},{"ancestorTitles":["the poller"],"fullName":"the poller keeps the server's floor through an answer that had nothing to say","status":"passed","title":"keeps the server's floor through an answer that had nothing to say","duration":3.028099999999995,"failureMessages":[],"meta":{},"tags":[]},{"ancestorTitles":["the poller"],"fullName":"the poller takes a floor from an answer it did not ask for itself","status":"passed","title":"takes a floor from an answer it did not ask for itself","duration":1.1747999999997774,"failureMessages":[],"meta":{},"tags":[]},{"ancestorTitles":["how long a board on screen stays good"],"fullName":"how long a board on screen stays good adds the time this page has held a board to the age it was sent with","status":"passed","title":"adds the time this page has held a board to the age it was sent with","duration":0.29589999999961947,"failureMessages":[],"meta":{},"tags":[]},{"ancestorTitles":["how long a board on screen stays good"],"fullName":"how long a board on screen stays good dates a document that carries no age by its build stamp","status":"passed","title":"dates a document that carries no age by its build stamp","duration":0.20409999999992579,"failureMessages":[],"meta":{},"tags":[]},{"ancestorTitles":["how long a board on screen stays good"],"fullName":"how long a board on screen stays good calls a board stale strictly past its bound, as the server does (shared: true)","status":"passed","title":"calls a board stale strictly past its bound, as the server does (shared: true)","duration":0.3348000000000866,"failureMessages":[],"meta":{},"tags":[]},{"ancestorTitles":["how long a board on screen stays good"],"fullName":"how long a board on screen stays good calls a board stale strictly past its bound, as the server does (shared: false)","status":"passed","title":"calls a board stale strictly past its bound, as the server does (shared: false)","duration":0.2318000000000211,"failureMessages":[],"meta":{},"tags":[]},{"ancestorTitles":["how long a board on screen stays good"],"fullName":"how long a board on screen stays good marks a board stale whoever built it, and waits only on the store","status":"passed","title":"marks a board stale whoever built it, and waits only on the store","duration":0.5232999999998356,"failureMessages":[],"meta":{},"tags":[]},{"ancestorTitles":["how long a board on screen stays good"],"fullName":"how long a board on screen stays good has nothing to say about a board nobody has built yet","status":"passed","title":"has nothing to say about a board nobody has built yet","duration":0.2681999999999789,"failureMessages":[],"meta":{},"tags":[]}],"startTime":1789600493053,"endTime":1789600493134.5232,"status":"passed","message":"","name":"C:/Users/michi/Desktop/CodingStuff/.worktrees/radar-selected-price-charts/personal_apps/static/radar/src/pending.test.ts"},{"assertionResults":[{"ancestorTitles":["market-data v2 provenance badges"],"fullName":"market-data v2 provenance badges labels a midpoint as indicative and not as a trade","status":"passed","title":"labels a midpoint as indicative and not as a trade","duration":68.29689999999982,"failureMessages":[],"meta":{},"tags":[]},{"ancestorTitles":["market-data v2 provenance badges"],"fullName":"market-data v2 provenance badges carries the book in accessible text, not crammed into the row","status":"passed","title":"carries the book in accessible text, not crammed into the row","duration":7.602499999999964,"failureMessages":[],"meta":{},"tags":[]},{"ancestorTitles":["market-data v2 provenance badges"],"fullName":"market-data v2 provenance badges a trade never wears the indicative badge","status":"passed","title":"a trade never wears the indicative badge","duration":12.96979999999985,"failureMessages":[],"meta":{},"tags":[]},{"ancestorTitles":["market-data v2 provenance badges"],"fullName":"market-data v2 provenance badges names the US venue and dollars, and never a fallback listing","status":"passed","title":"names the US venue and dollars, and never a fallback listing","duration":11.780599999999595,"failureMessages":[],"meta":{},"tags":[]},{"ancestorTitles":["market-data v2 provenance badges"],"fullName":"market-data v2 provenance badges says so when a quote has no currency, rather than guessing one","status":"passed","title":"says so when a quote has no currency, rather than guessing one","duration":10.721500000000106,"failureMessages":[],"meta":{},"tags":[]}],"startTime":1789600492535,"endTime":1789600492646.7214,"status":"passed","message":"","name":"C:/Users/michi/Desktop/CodingStuff/.worktrees/radar-selected-price-charts/personal_apps/static/radar/src/QuoteBadges.test.tsx"},{"assertionResults":[{"ancestorTitles":["the two panes"],"fullName":"the two panes renders the peak chatter hour in Radar's Berlin timezone","status":"passed","title":"renders the peak chatter hour in Radar's Berlin timezone","duration":408.16219999999976,"failureMessages":[],"meta":{},"tags":[]},{"ancestorTitles":["the two panes"],"fullName":"the two panes lists one row per ticker, with no promoted tier","status":"passed","title":"lists one row per ticker, with no promoted tier","duration":146.46329999999944,"failureMessages":[],"meta":{},"tags":[]},{"ancestorTitles":["the two panes"],"fullName":"the two panes opens on the top row so the page is useful with no clicks","status":"passed","title":"opens on the top row so the page is useful with no clicks","duration":314.9231,"failureMessages":[],"meta":{},"tags":[]},{"ancestorTitles":["the two panes"],"fullName":"the two panes opens on the ticker in the address bar instead, when there is one","status":"passed","title":"opens on the ticker in the address bar instead, when there is one","duration":164.15799999999945,"failureMessages":[],"meta":{},"tags":[]},{"ancestorTitles":["the two panes"],"fullName":"the two panes does not fetch the board on mount -- it is already in the document","status":"passed","title":"does not fetch the board on mount -- it is already in the document","duration":55.6896999999999,"failureMessages":[],"meta":{},"tags":[]},{"ancestorTitles":["the two panes"],"fullName":"the two panes fetches the panel for the opening ticker","status":"passed","title":"fetches the panel for the opening ticker","duration":111.91019999999935,"failureMessages":[],"meta":{},"tags":[]},{"ancestorTitles":["selecting a ticker"],"fullName":"selecting a ticker swaps the panel without refetching the board","status":"passed","title":"swaps the panel without refetching the board","duration":426.27120000000014,"failureMessages":[],"meta":{},"tags":[]},{"ancestorTitles":["selecting a ticker"],"fullName":"selecting a ticker puts the ticker in the address bar","status":"passed","title":"puts the ticker in the address bar","duration":269.96039999999994,"failureMessages":[],"meta":{},"tags":[]},{"ancestorTitles":["the controls"],"fullName":"the controls offers no market to choose and never asks for one","status":"passed","title":"offers no market to choose and never asks for one","duration":883.0618999999997,"failureMessages":[],"meta":{},"tags":[]},{"ancestorTitles":["the controls"],"fullName":"the controls names the venue, session, and next boundary in the header","status":"passed","title":"names the venue, session, and next boundary in the header","duration":48.66080000000056,"failureMessages":[],"meta":{},"tags":[]},{"ancestorTitles":["the controls"],"fullName":"the controls refetches and rewrites the address bar when a source is dropped","status":"passed","title":"refetches and rewrites the address bar when a source is dropped","duration":821.3292999999994,"failureMessages":[],"meta":{},"tags":[]},{"ancestorTitles":["the controls"],"fullName":"the controls keeps All in the address bar rather than omitting it","status":"passed","title":"keeps All in the address bar rather than omitting it","duration":493.53809999999976,"failureMessages":[],"meta":{},"tags":[]},{"ancestorTitles":["the controls"],"fullName":"the controls will not let the last source be turned off","status":"passed","title":"will not let the last source be turned off","duration":271.72990000000027,"failureMessages":[],"meta":{},"tags":[]},{"ancestorTitles":["the controls"],"fullName":"the controls coalesces a burst of control changes into one request","status":"passed","title":"coalesces a burst of control changes into one request","duration":719.3330000000005,"failureMessages":[],"meta":{},"tags":[]},{"ancestorTitles":["the controls"],"fullName":"the controls renders every view whatever the data says","status":"passed","title":"renders every view whatever the data says","duration":407.8639999999996,"failureMessages":[],"meta":{},"tags":[]},{"ancestorTitles":["the controls"],"fullName":"the controls does not put the chart span in the board controls","status":"passed","title":"does not put the chart span in the board controls","duration":130.33499999999913,"failureMessages":[],"meta":{},"tags":[]},{"ancestorTitles":["when the board changes under the selection"],"fullName":"when the board changes under the selection moves to the top row if the selected ticker is filtered out","status":"passed","title":"moves to the top row if the selected ticker is filtered out","duration":930.0641999999989,"failureMessages":[],"meta":{},"tags":[]},{"ancestorTitles":["the account of what was left out"],"fullName":"the account of what was left out is shown beneath the rows","status":"passed","title":"is shown beneath the rows","duration":44.76590000000033,"failureMessages":[],"meta":{},"tags":[]},{"ancestorTitles":["when the board cannot be reached"],"fullName":"when the board cannot be reached keeps the last board and says the refresh failed","status":"passed","title":"keeps the last board and says the refresh failed","duration":741.8191000000006,"failureMessages":[],"meta":{},"tags":[]}],"startTime":1789600478523,"endTime":1789600485918.819,"status":"passed","message":"","name":"C:/Users/michi/Desktop/CodingStuff/.worktrees/radar-selected-price-charts/personal_apps/static/radar/src/board/BoardPage.test.tsx"},{"assertionResults":[{"ancestorTitles":["the views row"],"fullName":"the views row offers the five views and none of the raw sizes by default","status":"passed","title":"offers the five views and none of the raw sizes by default","duration":215.41919999999982,"failureMessages":[],"meta":{},"tags":[]},{"ancestorTitles":["the views row"],"fullName":"the views row shows Discover's members only while Discover is in force","status":"passed","title":"shows Discover's members only while Discover is in force","duration":123.47429999999986,"failureMessages":[],"meta":{},"tags":[]},{"ancestorTitles":["the views row"],"fullName":"the views row reads the members as covered, not pressed, when the server echoes the bundle expanded","status":"passed","title":"reads the members as covered, not pressed, when the server echoes the bundle expanded","duration":169.1902,"failureMessages":[],"meta":{},"tags":[]},{"ancestorTitles":["the views row"],"fullName":"the views row keeps the members in view while one of them is the filter","status":"passed","title":"keeps the members in view while one of them is the filter","duration":52.38930000000073,"failureMessages":[],"meta":{},"tags":[]},{"ancestorTitles":["the views row"],"fullName":"the views row keeps every view in its slot whatever the counts say","status":"passed","title":"keeps every view in its slot whatever the counts say","duration":68.80310000000009,"failureMessages":[],"meta":{},"tags":[]},{"ancestorTitles":["the summary line"],"fullName":"the summary line states the defaults as one sentence and keeps the filters folded","status":"passed","title":"states the defaults as one sentence and keeps the filters folded","duration":37.590400000000045,"failureMessages":[],"meta":{},"tags":[]},{"ancestorTitles":["the summary line"],"fullName":"the summary line names the sources when one is off, and the floor when it is raised","status":"passed","title":"names the sources when one is off, and the floor when it is raised","duration":21.76220000000012,"failureMessages":[],"meta":{},"tags":[]},{"ancestorTitles":["the summary line"],"fullName":"the summary line unfolds the filters on request, with their behaviour intact","status":"passed","title":"unfolds the filters on request, with their behaviour intact","duration":310.66309999999976,"failureMessages":[],"meta":{},"tags":[]},{"ancestorTitles":["the summary line"],"fullName":"the summary line will still not let the last source be turned off once unfolded","status":"passed","title":"will still not let the last source be turned off once unfolded","duration":283.02440000000024,"failureMessages":[],"meta":{},"tags":[]},{"ancestorTitles":["the summary line"],"fullName":"the summary line names the venue floor, which its two tabs do not","status":"passed","title":"names the venue floor, which its two tabs do not","duration":84.28020000000015,"failureMessages":[],"meta":{},"tags":[]}],"startTime":1789600477929,"endTime":1789600479296.2803,"status":"passed","message":"","name":"C:/Users/michi/Desktop/CodingStuff/.worktrees/radar-selected-price-charts/personal_apps/static/radar/src/board/Controls.test.tsx"},{"assertionResults":[{"ancestorTitles":["the chatter axis is anchored at zero"],"fullName":"the chatter axis is anchored at zero draws a flat-but-jittery series near the top, not as a full-height zigzag","status":"passed","title":"draws a flat-but-jittery series near the top, not as a full-height zigzag","duration":2.416400000000067,"failureMessages":[],"meta":{},"tags":[]},{"ancestorTitles":["the chatter axis is anchored at zero"],"fullName":"the chatter axis is anchored at zero still draws a real spike as a spike","status":"passed","title":"still draws a real spike as a spike","duration":0.43899999999985084,"failureMessages":[],"meta":{},"tags":[]},{"ancestorTitles":["the chatter axis is anchored at zero"],"fullName":"the chatter axis is anchored at zero scales against the max it is given, so charts can share one scale","status":"passed","title":"scales against the max it is given, so charts can share one scale","duration":0.3299000000001797,"failureMessages":[],"meta":{},"tags":[]},{"ancestorTitles":["unmeasured hours"],"fullName":"unmeasured hours breaks the line rather than interpolating across the gap","status":"passed","title":"breaks the line rather than interpolating across the gap","duration":1.1877999999996973,"failureMessages":[],"meta":{},"tags":[]},{"ancestorTitles":["unmeasured hours"],"fullName":"unmeasured hours keeps a lone measured hour visible instead of dropping it","status":"passed","title":"keeps a lone measured hour visible instead of dropping it","duration":0.6844999999998436,"failureMessages":[],"meta":{},"tags":[]},{"ancestorTitles":["unmeasured hours"],"fullName":"unmeasured hours emits no bar for them, and no bar for a measured zero","status":"passed","title":"emits no bar for them, and no bar for a measured zero","duration":0.913600000000315,"failureMessages":[],"meta":{},"tags":[]},{"ancestorTitles":["unmeasured hours"],"fullName":"unmeasured hours reports the peak over measured hours only","status":"passed","title":"reports the peak over measured hours only","duration":0.42539999999962674,"failureMessages":[],"meta":{},"tags":[]}],"startTime":1789600495593,"endTime":1789600495599.4253,"status":"passed","message":"","name":"C:/Users/michi/Desktop/CodingStuff/.worktrees/radar-selected-price-charts/personal_apps/static/radar/src/board/geometry.test.ts"},{"assertionResults":[{"ancestorTitles":["the row magnitude axis"],"fullName":"the row magnitude axis measures how far above normal, not the ratio itself","status":"passed","title":"measures how far above normal, not the ratio itself","duration":2.234099999999671,"failureMessages":[],"meta":{},"tags":[]},{"ancestorTitles":["the row magnitude axis"],"fullName":"the row magnitude axis leaves a row with no baseline out of the scale entirely","status":"passed","title":"leaves a row with no baseline out of the scale entirely","duration":0.384900000000016,"failureMessages":[],"meta":{},"tags":[]},{"ancestorTitles":["the row magnitude axis"],"fullName":"the row magnitude axis shares one scale across the rows rather than one per row","status":"passed","title":"shares one scale across the rows rather than one per row","duration":0.33940000000029613,"failureMessages":[],"meta":{},"tags":[]},{"ancestorTitles":["the row magnitude axis"],"fullName":"the row magnitude axis still fills most of the axis when the board is clustered","status":"passed","title":"still fills most of the axis when the board is clustered","duration":0.40730000000030486,"failureMessages":[],"meta":{},"tags":[]},{"ancestorTitles":["the row magnitude axis"],"fullName":"the row magnitude axis survives a board where nothing is above its normal","status":"passed","title":"survives a board where nothing is above its normal","duration":0.8541000000000167,"failureMessages":[],"meta":{},"tags":[]},{"ancestorTitles":["the row magnitude axis"],"fullName":"the row magnitude axis rounds up to a number an axis would be labelled with","status":"passed","title":"rounds up to a number an axis would be labelled with","duration":0.6111000000000786,"failureMessages":[],"meta":{},"tags":[]},{"ancestorTitles":["the row magnitude axis"],"fullName":"the row magnitude axis never lets the loudest row fall below two thirds of the axis","status":"passed","title":"never lets the loudest row fall below two thirds of the axis","duration":2.846099999999751,"failureMessages":[],"meta":{},"tags":[]}],"startTime":1789600495338,"endTime":1789600495345.8462,"status":"passed","message":"","name":"C:/Users/michi/Desktop/CodingStuff/.worktrees/radar-selected-price-charts/personal_apps/static/radar/src/board/magnitude.test.ts"},{"assertionResults":[{"ancestorTitles":["the stacked layout"],"fullName":"the stacked layout puts the account of what was left out after the panel","status":"passed","title":"puts the account of what was left out after the panel","duration":418.55690000000004,"failureMessages":[],"meta":{},"tags":[]},{"ancestorTitles":["the stacked layout"],"fullName":"the stacked layout keeps that account inside the list on a desk","status":"passed","title":"keeps that account inside the list on a desk","duration":137.34659999999985,"failureMessages":[],"meta":{},"tags":[]},{"ancestorTitles":["the stacked layout"],"fullName":"the stacked layout brings the panel into view the moment a row is tapped","status":"passed","title":"brings the panel into view the moment a row is tapped","duration":402.4898999999996,"failureMessages":[],"meta":{},"tags":[]},{"ancestorTitles":["the stacked layout"],"fullName":"the stacked layout jumps rather than travels when the reader asked for less motion","status":"passed","title":"jumps rather than travels when the reader asked for less motion","duration":316.2974000000004,"failureMessages":[],"meta":{},"tags":[]},{"ancestorTitles":["the stacked layout"],"fullName":"the stacked layout does not scroll on a desk, where the panel is already beside the list","status":"passed","title":"does not scroll on a desk, where the panel is already beside the list","duration":259.3271999999997,"failureMessages":[],"meta":{},"tags":[]},{"ancestorTitles":["the panel while a ticker loads"],"fullName":"the panel while a ticker loads is a skeleton in the panel's own shape, not a line of grey text","status":"passed","title":"is a skeleton in the panel's own shape, not a line of grey text","duration":151.34509999999955,"failureMessages":[],"meta":{},"tags":[]}],"startTime":1789600482646,"endTime":1789600484332.3452,"status":"passed","message":"","name":"C:/Users/michi/Desktop/CodingStuff/.worktrees/radar-selected-price-charts/personal_apps/static/radar/src/board/narrow.test.tsx"},{"assertionResults":[{"ancestorTitles":["a board that is still being calculated"],"fullName":"a board that is still being calculated says so, shows no rows, and claims no build time","status":"passed","title":"says so, shows no rows, and claims no build time","duration":456.7506000000003,"failureMessages":[],"meta":{},"tags":[]},{"ancestorTitles":["a board that is still being calculated"],"fullName":"a board that is still being calculated asks again, as a poll, inside the first delay","status":"passed","title":"asks again, as a poll, inside the first delay","duration":79.03349999999955,"failureMessages":[],"meta":{},"tags":[]},{"ancestorTitles":["a board that is still being calculated"],"fullName":"a board that is still being calculated draws the board the moment a poll brings one","status":"passed","title":"draws the board the moment a poll brings one","duration":300.59370000000035,"failureMessages":[],"meta":{},"tags":[]},{"ancestorTitles":["a board that is still being calculated"],"fullName":"a board that is still being calculated stops asking once the board is there","status":"passed","title":"stops asking once the board is there","duration":173.03920000000016,"failureMessages":[],"meta":{},"tags":[]},{"ancestorTitles":["a board that is still being calculated"],"fullName":"a board that is still being calculated drops the answer to the question the reader has already left","status":"passed","title":"drops the answer to the question the reader has already left","duration":432.3644999999997,"failureMessages":[],"meta":{},"tags":[]},{"ancestorTitles":["a board that is still being calculated"],"fullName":"a board that is still being calculated never paints a board under a selection nobody is on any more","status":"passed","title":"never paints a board under a selection nobody is on any more","duration":281.53400000000056,"failureMessages":[],"meta":{},"tags":[]},{"ancestorTitles":["a board that is still being calculated"],"fullName":"a board that is still being calculated names the new window while the new board is still being calculated","status":"passed","title":"names the new window while the new board is still being calculated","duration":259.2479000000003,"failureMessages":[],"meta":{},"tags":[]},{"ancestorTitles":["a board that is still being calculated"],"fullName":"a board that is still being calculated does not poll a queue for a tab nobody is looking at","status":"passed","title":"does not poll a queue for a tab nobody is looking at","duration":85.22749999999996,"failureMessages":[],"meta":{},"tags":[]},{"ancestorTitles":["a board that is still being calculated"],"fullName":"a board that is still being calculated admits it is taking long, and offers the way out","status":"passed","title":"admits it is taking long, and offers the way out","duration":82.34470000000056,"failureMessages":[],"meta":{},"tags":[]},{"ancestorTitles":["a board that is still being calculated"],"fullName":"a board that is still being calculated refetches when the reader retries","status":"passed","title":"refetches when the reader retries","duration":168.57759999999962,"failureMessages":[],"meta":{},"tags":[]},{"ancestorTitles":["a board that is still being calculated"],"fullName":"a board that is still being calculated keeps its place in the back-off when the reader retries","status":"passed","title":"keeps its place in the back-off when the reader retries","duration":167.1884,"failureMessages":[],"meta":{},"tags":[]},{"ancestorTitles":["a board that is still being calculated"],"fullName":"a board that is still being calculated lets a slow retry answer instead of asking over the top of it","status":"passed","title":"lets a slow retry answer instead of asking over the top of it","duration":162.7536,"failureMessages":[],"meta":{},"tags":[]},{"ancestorTitles":["a board that is still being calculated"],"fullName":"a board that is still being calculated starts the wait over when the reader asks a different question","status":"passed","title":"starts the wait over when the reader asks a different question","duration":249.8155000000006,"failureMessages":[],"meta":{},"tags":[]},{"ancestorTitles":["a board that is still being calculated"],"fullName":"a board that is still being calculated opens no wait in a tab that was already hidden when it mounted","status":"passed","title":"opens no wait in a tab that was already hidden when it mounted","duration":31.89049999999952,"failureMessages":[],"meta":{},"tags":[]},{"ancestorTitles":["a board that is busy with other selections"],"fullName":"a board that is busy with other selections says what is happening, keeps the controls, and slows down","status":"passed","title":"says what is happening, keeps the controls, and slows down","duration":182.0063,"failureMessages":[],"meta":{},"tags":[]},{"ancestorTitles":["a board with a refresh queued behind it"],"fullName":"a board with a refresh queued behind it shows its rows and says a fresher one is on the way","status":"passed","title":"shows its rows and says a fresher one is on the way","duration":156.27939999999944,"failureMessages":[],"meta":{},"tags":[]},{"ancestorTitles":["a board with a refresh queued behind it"],"fullName":"a board with a refresh queued behind it asks every five seconds until the refresh lands","status":"passed","title":"asks every five seconds until the refresh lands","duration":200.59360000000015,"failureMessages":[],"meta":{},"tags":[]},{"ancestorTitles":["a board with a refresh queued behind it"],"fullName":"a board with a refresh queued behind it leaves the address bar alone when a poll brings the same board","status":"passed","title":"leaves the address bar alone when a poll brings the same board","duration":111.33280000000013,"failureMessages":[],"meta":{},"tags":[]},{"ancestorTitles":["a board with a refresh queued behind it"],"fullName":"a board with a refresh queued behind it says refreshing whenever the page is waiting on one, whoever built the board","status":"passed","title":"says refreshing whenever the page is waiting on one, whoever built the board","duration":94.63960000000043,"failureMessages":[],"meta":{},"tags":[]},{"ancestorTitles":["a board that goes stale while this page is holding it"],"fullName":"a board that goes stale while this page is holding it passes the fresh bound on its own clock and goes to look","status":"passed","title":"passes the fresh bound on its own clock and goes to look","duration":175.30349999999999,"failureMessages":[],"meta":{},"tags":[]},{"ancestorTitles":["a board that has outlived the window it names"],"fullName":"a board that has outlived the window it names is taken off the screen rather than left there to be read","status":"passed","title":"is taken off the screen rather than left there to be read","duration":107.98700000000099,"failureMessages":[],"meta":{},"tags":[]},{"ancestorTitles":["a board that has outlived the window it names"],"fullName":"a board that has outlived the window it names says the board expired while the replacement is on its way","status":"passed","title":"says the board expired while the replacement is on its way","duration":97.58499999999913,"failureMessages":[],"meta":{},"tags":[]},{"ancestorTitles":["a board that has outlived the window it names"],"fullName":"a board that has outlived the window it names asks once when it expires with a refresh already queued","status":"passed","title":"asks once when it expires with a refresh already queued","duration":114.52939999999944,"failureMessages":[],"meta":{},"tags":[]},{"ancestorTitles":["a board that has outlived the window it names"],"fullName":"a board that has outlived the window it names asks once when it expires while a poll is already out","status":"passed","title":"asks once when it expires while a poll is already out","duration":103.8846999999987,"failureMessages":[],"meta":{},"tags":[]},{"ancestorTitles":["a board that has outlived the window it names"],"fullName":"a board that has outlived the window it names stands down when a poll has just answered as it expires","status":"passed","title":"stands down when a poll has just answered as it expires","duration":123.257599999999,"failureMessages":[],"meta":{},"tags":[]},{"ancestorTitles":["a board that has outlived the window it names"],"fullName":"a board that has outlived the window it names leaves a hidden tab asleep when its board expires","status":"passed","title":"leaves a hidden tab asleep when its board expires","duration":169.8721000000005,"failureMessages":[],"meta":{},"tags":[]},{"ancestorTitles":["a board that has outlived the window it names"],"fullName":"a board that has outlived the window it names leaves a hidden tab asleep when a board a worker built expires","status":"passed","title":"leaves a hidden tab asleep when a board a worker built expires","duration":181.63919999999962,"failureMessages":[],"meta":{},"tags":[]},{"ancestorTitles":["a board that has outlived the window it names"],"fullName":"a board that has outlived the window it names stops claiming a recalculation once the refetch has failed","status":"passed","title":"stops claiming a recalculation once the refetch has failed","duration":473.6783000000014,"failureMessages":[],"meta":{},"tags":[]},{"ancestorTitles":["a poll that lands while the reader is reading"],"fullName":"a poll that lands while the reader is reading keeps the row the reader clicked while it was out","status":"passed","title":"keeps the row the reader clicked while it was out","duration":346.290500000001,"failureMessages":[],"meta":{},"tags":[]},{"ancestorTitles":["a poll that lands while the reader is reading"],"fullName":"a poll that lands while the reader is reading keeps the reader's ticker when the new build no longer lists it","status":"passed","title":"keeps the reader's ticker when the new build no longer lists it","duration":205.09220000000096,"failureMessages":[],"meta":{},"tags":[]},{"ancestorTitles":["a refetch that lands while the reader is reading"],"fullName":"a refetch that lands while the reader is reading keeps the row the reader clicked while an expired board was being refetched","status":"passed","title":"keeps the row the reader clicked while an expired board was being refetched","duration":345.479800000001,"failureMessages":[],"meta":{},"tags":[]},{"ancestorTitles":["the server's floor under a wait"],"fullName":"the server's floor under a wait holds when the reader retries over a poll that was out","status":"passed","title":"holds when the reader retries over a poll that was out","duration":107.48389999999927,"failureMessages":[],"meta":{},"tags":[]},{"ancestorTitles":["the server's floor under a wait"],"fullName":"the server's floor under a wait holds to what the first read of a new selection said","status":"passed","title":"holds to what the first read of a new selection said","duration":283.4280999999992,"failureMessages":[],"meta":{},"tags":[]},{"ancestorTitles":["a board whose rebuilds are failing"],"fullName":"a board whose rebuilds are failing keeps the rows it has and says the refresh failed","status":"passed","title":"keeps the rows it has and says the refresh failed","duration":81.2515000000003,"failureMessages":[],"meta":{},"tags":[]},{"ancestorTitles":["a board whose rebuilds are failing"],"fullName":"a board whose rebuilds are failing says so plainly when there is no board underneath it","status":"passed","title":"says so plainly when there is no board underneath it","duration":22.298900000001595,"failureMessages":[],"meta":{},"tags":[]},{"ancestorTitles":["a board that is simply empty"],"fullName":"a board that is simply empty still says nothing cleared the bar","status":"passed","title":"still says nothing cleared the bar","duration":24.73700000000099,"failureMessages":[],"meta":{},"tags":[]},{"ancestorTitles":["a board from a server that never heard of the shared store"],"fullName":"a board from a server that never heard of the shared store dates itself by its build stamp when it carries no age","status":"passed","title":"dates itself by its build stamp when it carries no age","duration":68.29690000000119,"failureMessages":[],"meta":{},"tags":[]},{"ancestorTitles":["a board from a server that never heard of the shared store"],"fullName":"a board from a server that never heard of the shared store renders exactly as it always did while it is fresh","status":"passed","title":"renders exactly as it always did while it is fresh","duration":96.10250000000087,"failureMessages":[],"meta":{},"tags":[]},{"ancestorTitles":["a board from a server that never heard of the shared store"],"fullName":"a board from a server that never heard of the shared store is marked stale past the fresh bound, says nothing is refreshing it, and asks only when told to","status":"passed","title":"is marked stale past the fresh bound, says nothing is refreshing it, and asks only when told to","duration":205.96659999999974,"failureMessages":[],"meta":{},"tags":[]},{"ancestorTitles":["a board at exactly its fresh bound"],"fullName":"a board at exactly its fresh bound is plain at the bound and marked past it when a worker built it","status":"passed","title":"is plain at the bound and marked past it when a worker built it","duration":146.64639999999963,"failureMessages":[],"meta":{},"tags":[]},{"ancestorTitles":["a board at exactly its fresh bound"],"fullName":"a board at exactly its fresh bound is plain at the bound and refreshing past it when the store serves it","status":"passed","title":"is plain at the bound and refreshing past it when the store serves it","duration":94.02449999999953,"failureMessages":[],"meta":{},"tags":[]},{"ancestorTitles":["a Retry while the reader's own request is out"],"fullName":"a Retry while the reader's own request is out joins the request already out instead of sending another","status":"passed","title":"joins the request already out instead of sending another","duration":153.4377000000004,"failureMessages":[],"meta":{},"tags":[]},{"ancestorTitles":["a Retry while the reader's own request is out"],"fullName":"a Retry while the reader's own request is out offers one Retry once an expired board has failed to refetch, and it asks once","status":"passed","title":"offers one Retry once an expired board has failed to refetch, and it asks once","duration":333.0627000000004,"failureMessages":[],"meta":{},"tags":[]},{"ancestorTitles":["the ticker an asked-again board lands on"],"fullName":"the ticker an asked-again board lands on hands a reader with no ticker the top row of the first board a Retry brings","status":"passed","title":"hands a reader with no ticker the top row of the first board a Retry brings","duration":714.8203999999987,"failureMessages":[],"meta":{},"tags":[]},{"ancestorTitles":["the ticker an asked-again board lands on"],"fullName":"the ticker an asked-again board lands on lets a Retry of a failed change of window drop a ticker the new board does not list","status":"passed","title":"lets a Retry of a failed change of window drop a ticker the new board does not list","duration":527.7411999999986,"failureMessages":[],"meta":{},"tags":[]},{"ancestorTitles":["the ticker an asked-again board lands on"],"fullName":"the ticker an asked-again board lands on keeps the ticker again once the change has had its answer","status":"passed","title":"keeps the ticker again once the change has had its answer","duration":852.3024999999998,"failureMessages":[],"meta":{},"tags":[]},{"ancestorTitles":["the ticker an asked-again board lands on"],"fullName":"the ticker an asked-again board lands on lets the refetch of an expired board after a failed change of window drop it too","status":"passed","title":"lets the refetch of an expired board after a failed change of window drop it too","duration":515.1272000000008,"failureMessages":[],"meta":{},"tags":[]},{"ancestorTitles":["a request that fails while the board is being calculated"],"fullName":"a request that fails while the board is being calculated does not say a board is showing when none is","status":"passed","title":"does not say a board is showing when none is","duration":75.86959999999999,"failureMessages":[],"meta":{},"tags":[]},{"ancestorTitles":["a request that fails while the board is being calculated"],"fullName":"a request that fails while the board is being calculated leaves a failed poll to the waiting line while the wait goes on","status":"passed","title":"leaves a failed poll to the waiting line while the wait goes on","duration":43.29530000000159,"failureMessages":[],"meta":{},"tags":[]},{"ancestorTitles":["a request that fails while the board is being calculated"],"fullName":"a request that fails while the board is being calculated says so in the waiting line once the polls keep failing, and keeps asking","status":"passed","title":"says so in the waiting line once the polls keep failing, and keeps asking","duration":208.79960000000028,"failureMessages":[],"meta":{},"tags":[]},{"ancestorTitles":["a request that fails while the board is being calculated"],"fullName":"a request that fails while the board is being calculated takes the note away when a poll answers, and counts afresh","status":"passed","title":"takes the note away when a poll answers, and counts afresh","duration":77.71039999999994,"failureMessages":[],"meta":{},"tags":[]},{"ancestorTitles":["a request that fails while the board is being calculated"],"fullName":"a request that fails while the board is being calculated forgets the failures of a question the reader has left","status":"passed","title":"forgets the failures of a question the reader has left","duration":269.90390000000116,"failureMessages":[],"meta":{},"tags":[]},{"ancestorTitles":["focus when a board arrives on the page own account"],"fullName":"focus when a board arrives on the page own account leaves focus alone for the top row the arriving board picks","status":"passed","title":"leaves focus alone for the top row the arriving board picks","duration":111.14359999999942,"failureMessages":[],"meta":{},"tags":[]},{"ancestorTitles":["focus when a board arrives on the page own account"],"fullName":"focus when a board arrives on the page own account moves focus to the panel for a row the reader picks","status":"passed","title":"moves focus to the panel for a row the reader picks","duration":166.29620000000068,"failureMessages":[],"meta":{},"tags":[]},{"ancestorTitles":["focus when a board arrives on the page own account"],"fullName":"focus when a board arrives on the page own account moves focus for a row the reader picks after the board arrived","status":"passed","title":"moves focus for a row the reader picks after the board arrived","duration":203.8820999999989,"failureMessages":[],"meta":{},"tags":[]},{"ancestorTitles":["what a pending shell says where its numbers would be"],"fullName":"what a pending shell says where its numbers would be does not report a count for a view nobody has counted","status":"passed","title":"does not report a count for a view nobody has counted","duration":53.821900000000824,"failureMessages":[],"meta":{},"tags":[]},{"ancestorTitles":["what a pending shell says where its numbers would be"],"fullName":"what a pending shell says where its numbers would be counts the views again once the board is there","status":"passed","title":"counts the views again once the board is there","duration":47.31490000000122,"failureMessages":[],"meta":{},"tags":[]},{"ancestorTitles":["what a pending shell says where its numbers would be"],"fullName":"what a pending shell says where its numbers would be says the board is not calculated yet rather than that it is empty","status":"passed","title":"says the board is not calculated yet rather than that it is empty","duration":17.392400000000634,"failureMessages":[],"meta":{},"tags":[]},{"ancestorTitles":["what a pending shell says where its numbers would be"],"fullName":"what a pending shell says where its numbers would be still says an empty board is empty","status":"passed","title":"still says an empty board is empty","duration":38.761499999998705,"failureMessages":[],"meta":{},"tags":[]},{"ancestorTitles":["a parked board whose own asks are failing"],"fullName":"a parked board whose own asks are failing says the asks are failing, not only that the board is parked","status":"passed","title":"says the asks are failing, not only that the board is parked","duration":35.10080000000016,"failureMessages":[],"meta":{},"tags":[]},{"ancestorTitles":["the extra request a control change used to leave behind"],"fullName":"the extra request a control change used to leave behind does not send a Retry inside the quarter second a control change owns","status":"passed","title":"does not send a Retry inside the quarter second a control change owns","duration":582.9451000000008,"failureMessages":[],"meta":{},"tags":[]},{"ancestorTitles":["the extra request a control change used to leave behind"],"fullName":"the extra request a control change used to leave behind does not let an expiry refetch fire inside it either","status":"passed","title":"does not let an expiry refetch fire inside it either","duration":423.7871000000014,"failureMessages":[],"meta":{},"tags":[]},{"ancestorTitles":["the refetch a mark is owed, while the reader own request is out"],"fullName":"the refetch a mark is owed, while the reader own request is out does not ask again on top of a request that fails","status":"passed","title":"does not ask again on top of a request that fails","duration":306.03759999999966,"failureMessages":[],"meta":{},"tags":[]},{"ancestorTitles":["the refetch a mark is owed, while the reader own request is out"],"fullName":"the refetch a mark is owed, while the reader own request is out asks again once a request that answered has landed","status":"passed","title":"asks again once a request that answered has landed","duration":357.83290000000125,"failureMessages":[],"meta":{},"tags":[]}],"startTime":1789600478527,"endTime":1789600491908.833,"status":"passed","message":"","name":"C:/Users/michi/Desktop/CodingStuff/.worktrees/radar-selected-price-charts/personal_apps/static/radar/src/board/pending.test.tsx"},{"assertionResults":[{"ancestorTitles":["finding a stock"],"fullName":"finding a stock fetches once the typing settles, and only for the last query","status":"passed","title":"fetches once the typing settles, and only for the last query","duration":437.78740000000016,"failureMessages":[],"meta":{},"tags":[]},{"ancestorTitles":["finding a stock"],"fullName":"finding a stock annotates each match from what the page already knows","status":"passed","title":"annotates each match from what the page already knows","duration":311.7954,"failureMessages":[],"meta":{},"tags":[]},{"ancestorTitles":["finding a stock"],"fullName":"finding a stock closes when focus leaves the search, and stays open while it moves inside","status":"passed","title":"closes when focus leaves the search, and stays open while it moves inside","duration":393.53939999999966,"failureMessages":[],"meta":{},"tags":[]},{"ancestorTitles":["finding a stock"],"fullName":"finding a stock walks the list with the arrows and opens the panel with Enter","status":"passed","title":"walks the list with the arrows and opens the panel with Enter","duration":309.9862999999996,"failureMessages":[],"meta":{},"tags":[]},{"ancestorTitles":["finding a stock"],"fullName":"finding a stock stars a match without opening it","status":"passed","title":"stars a match without opening it","duration":339.89260000000013,"failureMessages":[],"meta":{},"tags":[]},{"ancestorTitles":["finding a stock"],"fullName":"finding a stock is reached with / and left with Escape, in stages","status":"passed","title":"is reached with / and left with Escape, in stages","duration":314.97980000000007,"failureMessages":[],"meta":{},"tags":[]},{"ancestorTitles":["finding a stock"],"fullName":"finding a stock does not reopen when a response lands after focus has left","status":"passed","title":"does not reopen when a response lands after focus has left","duration":90.19710000000032,"failureMessages":[],"meta":{},"tags":[]},{"ancestorTitles":["finding a stock"],"fullName":"finding a stock says so when nothing matches","status":"passed","title":"says so when nothing matches","duration":298.933,"failureMessages":[],"meta":{},"tags":[]}],"startTime":1789600478050,"endTime":1789600480546.933,"status":"passed","message":"","name":"C:/Users/michi/Desktop/CodingStuff/.worktrees/radar-selected-price-charts/personal_apps/static/radar/src/board/Search.test.tsx"},{"assertionResults":[{"ancestorTitles":["picking segments"],"fullName":"picking segments adds a second one rather than replacing the first","status":"passed","title":"adds a second one rather than replacing the first","duration":2.21329999999989,"failureMessages":[],"meta":{},"tags":[]},{"ancestorTitles":["picking segments"],"fullName":"picking segments turns one off without disturbing the others","status":"passed","title":"turns one off without disturbing the others","duration":0.3
[...]
"fullName":"hard segments, and only hard segments, split the drawing does not end a segment at a disclosed gap or a null close","status":"passed","title":"does not end a segment at a disclosed gap or a null close","duration":1.9049999999997453,"failureMessages":[],"meta":{},"tags":[]},{"ancestorTitles":["hard segments, and only hard segments, split the drawing"],"fullName":"hard segments, and only hard segments, split the drawing starts a new segment at a market-state change","status":"passed","title":"starts a new segment at a market-state change","duration":0.6113999999997759,"failureMessages":[],"meta":{},"tags":[]},{"ancestorTitles":["hard segments, and only hard segments, split the drawing"],"fullName":"hard segments, and only hard segments, split the drawing starts a new segment at a session day change","status":"passed","title":"starts a new segment at a session day change","duration":0.5214000000000851,"failureMessages":[],"meta":{},"tags":[]},{"ancestorTitles":["hard segments, and only hard segments, split the drawing"],"fullName":"hard segments, and only hard segments, split the drawing starts a new segment at a source change","status":"passed","title":"starts a new segment at a source change","duration":0.42970000000013897,"failureMessages":[],"meta":{},"tags":[]},{"ancestorTitles":["hard segments, and only hard segments, split the drawing"],"fullName":"hard segments, and only hard segments, split the drawing never draws anything for a window with no valid price","status":"passed","title":"never draws anything for a window with no valid price","duration":0.4281999999998334,"failureMessages":[],"meta":{},"tags":[]},{"ancestorTitles":["the area is geometry, never a datum"],"fullName":"the area is geometry, never a datum closes each multi-point segment to the price baseline and adds no vertex","status":"passed","title":"closes each multi-point segment to the price baseline and adds no vertex","duration":1.2932000000000698,"failureMessages":[],"meta":{},"tags":[]},{"ancestorTitles":["the area is geometry, never a datum"],"fullName":"the area is geometry, never a datum has no area for a one-observation segment","status":"passed","title":"has no area for a one-observation segment","duration":0.4432000000001608,"failureMessages":[],"meta":{},"tags":[]},{"ancestorTitles":["the area is geometry, never a datum"],"fullName":"the area is geometry, never a datum offers exactly the actual observations for inspection, in order","status":"passed","title":"offers exactly the actual observations for inspection, in order","duration":0.7860000000000582,"failureMessages":[],"meta":{},"tags":[]},{"ancestorTitles":["counts and tone"],"fullName":"counts and tone keeps unknown, zero and invalid tone apart","status":"passed","title":"keeps unknown, zero and invalid tone apart","duration":1.754699999999957,"failureMessages":[],"meta":{},"tags":[]},{"ancestorTitles":["counts and tone"],"fullName":"counts and tone finds the slot for an instant and the price observations inside it","status":"passed","title":"finds the slot for an instant and the price observations inside it","duration":0.7423000000003412,"failureMessages":[],"meta":{},"tags":[]},{"ancestorTitles":["wording"],"fullName":"wording labels session dates without shifting them and hover times in Berlin","status":"passed","title":"labels session dates without shifting them and hover times in Berlin","duration":34.93470000000025,"failureMessages":[],"meta":{},"tags":[]}],"startTime":1789600494733,"endTime":1789600494786.9348,"status":"passed","message":"","name":"C:/Users/michi/Desktop/CodingStuff/.worktrees/radar-selected-price-charts/personal_apps/static/radar/src/hub/selectedPriceGeometry.test.ts"},{"assertionResults":[{"ancestorTitles":["which chart the section draws"],"fullName":"which chart the section draws keeps the original chart when the server does not offer the new one","status":"passed","title":"keeps the original chart when the server does not offer the new one","duration":172.7479000000003,"failureMessages":[],"meta":{},"tags":[]},{"ancestorTitles":["which chart the section draws"],"fullName":"which chart the section draws keeps it for 1M","status":"passed","title":"keeps it for 1M","duration":63.07080000000042,"failureMessages":[],"meta":{},"tags":[]},{"ancestorTitles":["which chart the section draws"],"fullName":"which chart the section draws keeps it for 6M","status":"passed","title":"keeps it for 6M","duration":31.30699999999979,"failureMessages":[],"meta":{},"tags":[]},{"ancestorTitles":["which chart the section draws"],"fullName":"which chart the section draws draws the selected-session chart for a US selection on 1D, from its own request","status":"passed","title":"draws the selected-session chart for a US selection on 1D, from its own request","duration":249.00700000000052,"failureMessages":[],"meta":{},"tags":[]},{"ancestorTitles":["which chart the section draws"],"fullName":"which chart the section draws falls back to the original chart for a company the server cannot chart that way","status":"passed","title":"falls back to the original chart for a company the server cannot chart that way","duration":109.1275999999998,"failureMessages":[],"meta":{},"tags":[]},{"ancestorTitles":["which chart the section draws"],"fullName":"which chart the section draws offers a chart-local retry when the chart fails","status":"passed","title":"offers a chart-local retry when the chart fails","duration":1260.8481000000002,"failureMessages":[],"meta":{},"tags":[]},{"ancestorTitles":["which chart the section draws"],"fullName":"which chart the section draws never shows an old company’s late answer under the new company","status":"passed","title":"never shows an old company’s late answer under the new company","duration":106.28189999999995,"failureMessages":[],"meta":{},"tags":[]},{"ancestorTitles":["when a refresh fails after an answer"],"fullName":"when a refresh fails after an answer shows the chart-local retry instead of the live session it answered for (a rollover may have happened)","status":"passed","title":"shows the chart-local retry instead of the live session it answered for (a rollover may have happened)","duration":1163.2118999999993,"failureMessages":[],"meta":{},"tags":[]},{"ancestorTitles":["when a refresh fails after an answer"],"fullName":"when a refresh fails after an answer shows the chart-local retry instead of a closed session of an identity that may since have been remapped","status":"passed","title":"shows the chart-local retry instead of a closed session of an identity that may since have been remapped","duration":1231.8287,"failureMessages":[],"meta":{},"tags":[]},{"ancestorTitles":["when a refresh fails after an answer"],"fullName":"when a refresh fails after an answer draws the chart again once a refresh succeeds","status":"passed","title":"draws the chart again once a refresh succeeds","duration":1336.3753000000015,"failureMessages":[],"meta":{},"tags":[]},{"ancestorTitles":["when a refresh fails after an answer"],"fullName":"when a refresh fails after an answer keeps drawing a valid stale or stored-fallback answer the server sent with HTTP 200","status":"passed","title":"keeps drawing a valid stale or stored-fallback answer the server sent with HTTP 200","duration":129.33919999999853,"failureMessages":[],"meta":{},"tags":[]},{"ancestorTitles":["when a refresh fails after an answer"],"fullName":"when a refresh fails after an answer still falls back to the original chart when the refresh says the company cannot be charted","status":"passed","title":"still falls back to the original chart when the refresh says the company cannot be charted","duration":149.6190999999999,"failureMessages":[],"meta":{},"tags":[]},{"ancestorTitles":["when a refresh fails after an answer"],"fullName":"when a refresh fails after an answer falls back to the original chart when the server has the chart switched off","status":"passed","title":"falls back to the original chart when the server has the chart switched off","duration":46.98669999999947,"failureMessages":[],"meta":{},"tags":[]},{"ancestorTitles":["when the chart asks again"],"fullName":"when the chart asks again never for a hidden tab or before an answer","status":"passed","title":"never for a hidden tab or before an answer","duration":1.423399999999674,"failureMessages":[],"meta":{},"tags":[]},{"ancestorTitles":["when the chart asks again"],"fullName":"when the chart asks again polls a pending acquisition at most five times, then on the minute","status":"passed","title":"polls a pending acquisition at most five times, then on the minute","duration":2.2317000000002736,"failureMessages":[],"meta":{},"tags":[]},{"ancestorTitles":["when the chart asks again"],"fullName":"when the chart asks again never asks sooner than retry_after_seconds","status":"passed","title":"never asks sooner than retry_after_seconds","duration":0.614000000001397,"failureMessages":[],"meta":{},"tags":[]},{"ancestorTitles":["when the chart asks again"],"fullName":"when the chart asks again refreshes ready, disabled and unavailable charts on the minute","status":"passed","title":"refreshes ready, disabled and unavailable charts on the minute","duration":0.5147999999990134,"failureMessages":[],"meta":{},"tags":[]},{"ancestorTitles":["when the chart asks again"],"fullName":"when the chart asks again keys on ticker, sources and span, and not on the board window","status":"passed","title":"keys on ticker, sources and span, and not on the board window","duration":0.6376999999993131,"failureMessages":[],"meta":{},"tags":[]}],"startTime":1789600478399,"endTime":1789600484456.6377,"status":"passed","message":"","name":"C:/Users/michi/Desktop/CodingStuff/.worktrees/radar-selected-price-charts/personal_apps/static/radar/src/hub/SelectedPriceSection.test.tsx"},{"assertionResults":[{"ancestorTitles":["seeding the cache with the embedded board"],"fullName":"seeding the cache with the embedded board uses it for the selection it was built for","status":"passed","title":"uses it for the selection it was built for","duration":130.45460000000003,"failureMessages":[],"meta":{},"tags":[]},{"ancestorTitles":["seeding the cache with the embedded board"],"fullName":"seeding the cache with the embedded board refuses to seed a different selection with it","status":"passed","title":"refuses to seed a different selection with it","duration":72.11020000000008,"failureMessages":[],"meta":{},"tags":[]},{"ancestorTitles":["when a refresh fails"],"fullName":"when a refresh fails keeps the last good board on screen with its own timestamp","status":"passed","title":"keeps the last good board on screen with its own timestamp","duration":26.664099999999962,"failureMessages":[],"meta":{},"tags":[]},{"ancestorTitles":["when a refresh fails"],"fullName":"when a refresh fails stops retrying what cannot come good","status":"passed","title":"stops retrying what cannot come good","duration":170.29800000000023,"failureMessages":[],"meta":{},"tags":[]},{"ancestorTitles":["the reasons a request can fail"],"fullName":"the reasons a request can fail retries what might come good","status":"passed","title":"retries what might come good","duration":77.13439999999991,"failureMessages":[],"meta":{},"tags":[]},{"ancestorTitles":["the reasons a request can fail"],"fullName":"the reasons a request can fail reads 403 as forbidden on a read and as a session on a write","status":"passed","title":"reads 403 as forbidden on a read and as a session on a write","duration":26.80769999999984,"failureMessages":[],"meta":{},"tags":[]},{"ancestorTitles":["the reasons a request can fail"],"fullName":"the reasons a request can fail separates a forbidden endpoint from an expired session","status":"passed","title":"separates a forbidden endpoint from an expired session","duration":2.07529999999997,"failureMessages":[],"meta":{},"tags":[]},{"ancestorTitles":["when the board asks again on its own"],"fullName":"when the board asks again on its own walks the schedule for a board being built, from the server's floor up","status":"passed","title":"walks the schedule for a board being built, from the server's floor up","duration":4.9090000000001055,"failureMessages":[],"meta":{},"tags":[]},{"ancestorTitles":["when the board asks again on its own"],"fullName":"when the board asks again on its own settles at five seconds once the reader has waited half a minute","status":"passed","title":"settles at five seconds once the reader has waited half a minute","duration":1.8009999999999309,"failureMessages":[],"meta":{},"tags":[]},{"ancestorTitles":["when the board asks again on its own"],"fullName":"when the board asks again on its own never asks a busy generation sooner than it said to","status":"passed","title":"never asks a busy generation sooner than it said to","duration":1.5531000000000859,"failureMessages":[],"meta":{},"tags":[]},{"ancestorTitles":["when the board asks again on its own"],"fullName":"when the board asks again on its own asks every five seconds while a refresh is queued","status":"passed","title":"asks every five seconds while a refresh is queued","duration":0.7022999999999229,"failureMessages":[],"meta":{},"tags":[]},{"ancestorTitles":["when the board asks again on its own"],"fullName":"when the board asks again on its own goes to look a step after a shared board passes its fresh bound","status":"passed","title":"goes to look a step after a shared board passes its fresh bound","duration":2.603399999999965,"failureMessages":[],"meta":{},"tags":[]},{"ancestorTitles":["when the board asks again on its own"],"fullName":"when the board asks again on its own sets the wait for a fresh shared board's refresh at its bound, and its first ask a step past it","status":"passed","title":"sets the wait for a fresh shared board's refresh at its bound, and its first ask a step past it","duration":2.0731000000000677,"failureMessages":[],"meta":{},"tags":[]},{"ancestorTitles":["when the board asks again on its own"],"fullName":"when the board asks again on its own counts each step from the last answer, not from whenever it is read","status":"passed","title":"counts each step from the last answer, not from whenever it is read","duration":0.479200000000219,"failureMessages":[],"meta":{},"tags":[]},{"ancestorTitles":["when the board asks again on its own"],"fullName":"when the board asks again on its own keeps the floor through an answer that had nothing to say","status":"passed","title":"keeps the floor through an answer that had nothing to say","duration":0.47109999999975116,"failureMessages":[],"meta":{},"tags":[]},{"ancestorTitles":["when the board asks again on its own"],"fullName":"when the board asks again on its own asks nothing on the wait's timer for a board with nothing coming","status":"passed","title":"asks nothing on the wait's timer for a board with nothing coming","duration":10.360299999999825,"failureMessages":[],"meta":{},"tags":[]},{"ancestorTitles":["when the board asks again on its own"],"fullName":"when the board asks again on its own reads a board a worker built for itself a minute after it arrived, only while that minute is inside its bound","status":"passed","title":"reads a board a worker built for itself a minute after it arrived, only while that minute is inside its bound","duration":4.64870000000019,"failureMessages":[],"meta":{},"tags":[]},{"ancestorTitles":["when the board asks again on its own"],"fullName":"when the board asks again on its own asks nothing for a hidden tab, beside an ask already out, or with nothing loaded","status":"passed","title":"asks nothing for a hidden tab, beside an ask already out, or with nothing loaded","duration":2.743800000000192,"failureMessages":[],"meta":{},"tags":[]},{"ancestorTitles":["a mark that lands while a board is still being built"],"fullName":"a mark that lands while a board is still being built adopts the list into the waiting shell, which stays waiting and as old as it was","status":"passed","title":"adopts the list into the waiting shell, which stays waiting and as old as it was","duration":460.75350000000026,"failureMessages":[],"meta":{},"tags":[]}],"startTime":1789600489377,"endTime":1789600490376.7534,"status":"passed","message":"","name":"C:/Users/michi/Desktop/CodingStuff/.worktrees/radar-selected-price-charts/personal_apps/static/radar/src/hub/state.test.tsx"},{"assertionResults":[{"ancestorTitles":["the caller’s marks"],"fullName":"the caller’s marks keeps quiet watched companies visible","status":"passed","title":"keeps quiet watched companies visible","duration":429.29349999999977,"failureMessages":[],"meta":{},"tags":[]},{"ancestorTitles":["the caller’s marks"],"fullName":"the caller’s marks says why a watched company is quiet rather than hiding it","status":"passed","title":"says why a watched company is quiet rather than hiding it","duration":36.29829999999947,"failureMessages":[],"meta":{},"tags":[]},{"ancestorTitles":["the caller’s marks"],"fullName":"the caller’s marks distinguishes an older payload from an empty list","status":"passed","title":"distinguishes an older payload from an empty list","duration":27.55199999999968,"failureMessages":[],"meta":{},"tags":[]},{"ancestorTitles":["the caller’s marks"],"fullName":"the caller’s marks offers a first step when nothing is marked","status":"passed","title":"offers a first step when nothing is marked","duration":9.598100000000159,"failureMessages":[],"meta":{},"tags":[]},{"ancestorTitles":["the caller’s marks"],"fullName":"the caller’s marks opens research from a watched row","status":"passed","title":"opens research from a watched row","duration":118.22100000000046,"failureMessages":[],"meta":{},"tags":[]},{"ancestorTitles":["the caller’s marks"],"fullName":"the caller’s marks draws the move it promises in the column heading","status":"passed","title":"draws the move it promises in the column heading","duration":82.21900000000005,"failureMessages":[],"meta":{},"tags":[]},{"ancestorTitles":["the caller’s marks"],"fullName":"the caller’s marks keeps an unavailable quote unavailable","status":"passed","title":"keeps an unavailable quote unavailable","duration":25.40939999999955,"failureMessages":[],"meta":{},"tags":[]},{"ancestorTitles":["what the page shows about a write"],"fullName":"what the page shows about a write adopts the list the server answered with, before the rows catch up","status":"passed","title":"adopts the list the server answered with, before the rows catch up","duration":54.4381999999996,"failureMessages":[],"meta":{},"tags":[]},{"ancestorTitles":["what the page shows about a write"],"fullName":"what the page shows about a write disables every mark while one is being written","status":"passed","title":"disables every mark while one is being written","duration":256.4796000000006,"failureMessages":[],"meta":{},"tags":[]},{"ancestorTitles":["what the page shows about a write"],"fullName":"what the page shows about a write leaves the marks alone and says what failed","status":"passed","title":"leaves the marks alone and says what failed","duration":79.32999999999993,"failureMessages":[],"meta":{},"tags":[]},{"ancestorTitles":["what the page shows about a write"],"fullName":"what the page shows about a write does not claim the marks are unchanged when it cannot know","status":"passed","title":"does not claim the marks are unchanged when it cannot know","duration":38.180199999999786,"failureMessages":[],"meta":{},"tags":[]},{"ancestorTitles":["what the page shows about a write"],"fullName":"what the page shows about a write renders no mark control at all when the caller cannot service one","status":"passed","title":"renders no mark control at all when the caller cannot service one","duration":29.211299999999937,"failureMessages":[],"meta":{},"tags":[]}],"startTime":1789600487833,"endTime":1789600489020.2112,"status":"passed","message":"","name":"C:/Users/michi/Desktop/CodingStuff/.worktrees/radar-selected-price-charts/personal_apps/static/radar/src/hub/Watching.test.tsx"}]}