{"numTotalTestSuites":256,"numPassedTestSuites":245,"numFailedTestSuites":11,"numPendingTestSuites":0,"numTotalTests":913,"numPassedTests":885,"numFailedTests":28,"numPendingTests":0,"numTodoTests":0,"snapshot":{"added":0,"failure":false,"filesAdded":0,"filesRemoved":0,"filesRemovedList":[],"filesUnmatched":0,"filesUpdated":0,"matched":0,"total":0,"unchecked":0,"uncheckedKeysByFile":[],"unmatched":0,"updated":0,"didUpdate":false},"startTime":1789600646850,"success":false,"testResults":[{"assertionResults":[{"ancestorTitles":["the market"],"fullName":"the market is never written into a board, detail or link query","status":"passed","title":"is never written into a board, detail or link query","duration":28.510800000000017,"failureMessages":[],"meta":{},"tags":[]},{"ancestorTitles":["the board request"],"fullName":"the board request marks a repeat ask as a poll, and an ordinary one not at all","status":"passed","title":"marks a repeat ask as a poll, and an ordinary one not at all","duration":5.264400000000023,"failureMessages":[],"meta":{},"tags":[]},{"ancestorTitles":["the detail request"],"fullName":"the detail request opts into tone only for the hub reader","status":"passed","title":"opts into tone only for the hub reader","duration":3.1014000000000124,"failureMessages":[],"meta":{},"tags":[]},{"ancestorTitles":["search"],"fullName":"search asks for the query and unwraps the matches","status":"passed","title":"asks for the query and unwraps the matches","duration":4.682299999999941,"failureMessages":[],"meta":{},"tags":[]},{"ancestorTitles":["watching"],"fullName":"watching PUTs to mark and DELETEs to unmark, with the csrf token, and returns the list","status":"passed","title":"PUTs to mark and DELETEs to unmark, with the csrf token, and returns the list","duration":12.646299999999883,"failureMessages":[],"meta":{},"tags":[]},{"ancestorTitles":["sort in the query"],"fullName":"sort in the query is absent when no sort is asked for","status":"passed","title":"is absent when no sort is asked for","duration":1.8731000000002496,"failureMessages":[],"meta":{},"tags":[]},{"ancestorTitles":["sort in the query"],"fullName":"sort in the query carries the key and the direction when one is","status":"passed","title":"carries the key and the direction when one is","duration":1.4050000000002,"failureMessages":[],"meta":{},"tags":[]},{"ancestorTitles":["defaultDirection"],"fullName":"defaultDirection reads ticker A to Z and every number largest first","status":"passed","title":"reads ticker A to Z and every number largest first","duration":1.9781000000002678,"failureMessages":[],"meta":{},"tags":[]}],"startTime":1789600672490,"endTime":1789600672550.978,"status":"passed","message":"","name":"C:/Users/michi/Desktop/CodingStuff/.worktrees/radar-selected-price-charts/personal_apps/static/radar/src/api.test.ts"},{"assertionResults":[{"ancestorTitles":["the opening board"],"fullName":"the opening board is the embedded one when the document carries it, without a request","status":"passed","title":"is the embedded one when the document carries it, without a request","duration":39.532900000000154,"failureMessages":[],"meta":{},"tags":[]},{"ancestorTitles":["the opening board"],"fullName":"the opening board is fetched for the page's own query when nothing is embedded","status":"passed","title":"is fetched for the page's own query when nothing is embedded","duration":6.746999999999844,"failureMessages":[],"meta":{},"tags":[]},{"ancestorTitles":["the opening board"],"fullName":"the opening board reads an older document without a market as the US board","status":"passed","title":"reads an older document without a market as the US board","duration":2.656800000000203,"failureMessages":[],"meta":{},"tags":[]},{"ancestorTitles":["the opening board"],"fullName":"the opening board refuses a board for any market but the US one, never relabelling it","status":"passed","title":"refuses a board for any market but the US one, never relabelling it","duration":2.198699999999917,"failureMessages":[],"meta":{},"tags":[]},{"ancestorTitles":["the opening board"],"fullName":"the opening board is null when the fetch lands on the login page","status":"passed","title":"is null when the fetch lands on the login page","duration":21.253600000000006,"failureMessages":[],"meta":{},"tags":[]},{"ancestorTitles":["the opening board"],"fullName":"the opening board is null when the network fails, never a throw into React","status":"passed","title":"is null when the network fails, never a throw into React","duration":21.203799999999774,"failureMessages":[],"meta":{},"tags":[]},{"ancestorTitles":["a document that was served while the board was being built"],"fullName":"a document that was served while the board was being built opens on the waiting shell rather than on nothing at all","status":"passed","title":"opens on the waiting shell rather than on nothing at all","duration":3.0027000000000044,"failureMessages":[],"meta":{},"tags":[]},{"ancestorTitles":["a document that was served while the board was being built"],"fullName":"a document that was served while the board was being built still refuses a null board that claims nobody is building one","status":"passed","title":"still refuses a null board that claims nobody is building one","duration":2.138800000000174,"failureMessages":[],"meta":{},"tags":[]}],"startTime":1789600672531,"endTime":1789600672631.139,"status":"passed","message":"","name":"C:/Users/michi/Desktop/CodingStuff/.worktrees/radar-selected-price-charts/personal_apps/static/radar/src/embedded.test.ts"},{"assertionResults":[{"ancestorTitles":["a board's age on its age line"],"fullName":"a board's age on its age line counts seconds, then minutes, then hours and days","status":"passed","title":"counts seconds, then minutes, then hours and days","duration":10.09310000000005,"failureMessages":[],"meta":{},"tags":[]},{"ancestorTitles":["an unknown never renders as a zero"],"fullName":"an unknown never renders as a zero says so in words for divergence","status":"passed","title":"says so in words for divergence","duration":0.6746000000002823,"failureMessages":[],"meta":{},"tags":[]},{"ancestorTitles":["an unknown never renders as a zero"],"fullName":"an unknown never renders as a zero uses an em-dash for an unknown price move","status":"passed","title":"uses an em-dash for an unknown price move","duration":0.37199999999984357,"failureMessages":[],"meta":{},"tags":[]},{"ancestorTitles":["an unknown never renders as a zero"],"fullName":"an unknown never renders as a zero uses an em-dash for an unscored window","status":"passed","title":"uses an em-dash for an unscored window","duration":0.4279999999998836,"failureMessages":[],"meta":{},"tags":[]},{"ancestorTitles":["signed numbers"],"fullName":"signed numbers marks a rise and sets a fall with a real minus","status":"passed","title":"marks a rise and sets a fall with a real minus","duration":1.5398000000000138,"failureMessages":[],"meta":{},"tags":[]},{"ancestorTitles":["signed numbers"],"fullName":"signed numbers never prints a negative zero","status":"passed","title":"never prints a negative zero","duration":0.7283000000002176,"failureMessages":[],"meta":{},"tags":[]},{"ancestorTitles":["labels"],"fullName":"labels renders a source the label table does not know","status":"passed","title":"renders a source the label table does not know","duration":1.1801000000000386,"failureMessages":[],"meta":{},"tags":[]},{"ancestorTitles":["labels"],"fullName":"labels names the venue, not the subreddit","status":"passed","title":"names the venue, not the subreddit","duration":1.771600000000035,"failureMessages":[],"meta":{},"tags":[]},{"ancestorTitles":["labels"],"fullName":"labels still falls through for an unknown root with a suffix","status":"passed","title":"still falls through for an unknown root with a suffix","duration":3.423399999999674,"failureMessages":[],"meta":{},"tags":[]},{"ancestorTitles":["the stamp"],"fullName":"the stamp formats the same UTC instant in Berlin summer time","status":"passed","title":"formats the same UTC instant in Berlin summer time","duration":66.03179999999975,"failureMessages":[],"meta":{},"tags":[]},{"ancestorTitles":["the stamp"],"fullName":"the stamp formats Berlin winter time without using the machine timezone","status":"passed","title":"formats Berlin winter time without using the machine timezone","duration":2.5929000000000997,"failureMessages":[],"meta":{},"tags":[]},{"ancestorTitles":["the stamp"],"fullName":"the stamp does not crash on a malformed timestamp","status":"passed","title":"does not crash on a malformed timestamp","duration":1.045799999999872,"failureMessages":[],"meta":{},"tags":[]},{"ancestorTitles":["the stamp"],"fullName":"the stamp dates retained posts in Berlin time","status":"passed","title":"dates retained posts in Berlin time","duration":2.8342999999999847,"failureMessages":[],"meta":{},"tags":[]},{"ancestorTitles":["the stamp"],"fullName":"the stamp dates in English, in Berlin time","status":"passed","title":"dates in English, in Berlin time","duration":3.397299999999632,"failureMessages":[],"meta":{},"tags":[]},{"ancestorTitles":["what the source escaped"],"fullName":"what the source escaped is decoded as text, once","status":"passed","title":"is decoded as text, once","duration":0.9284000000002379,"failureMessages":[],"meta":{},"tags":[]},{"ancestorTitles":["the panel identity line"],"fullName":"the panel identity line names the exchange rather than printing its code","status":"passed","title":"names the exchange rather than printing its code","duration":1.1786000000001877,"failureMessages":[],"meta":{},"tags":[]},{"ancestorTitles":["the panel identity line"],"fullName":"the panel identity line renders a code it has never seen rather than dropping it","status":"passed","title":"renders a code it has never seen rather than dropping it","duration":0.3671999999996842,"failureMessages":[],"meta":{},"tags":[]},{"ancestorTitles":["a date inside a sentence"],"fullName":"a date inside a sentence is not the storage format","status":"passed","title":"is not the storage format","duration":1.032100000000355,"failureMessages":[],"meta":{},"tags":[]},{"ancestorTitles":["a date inside a sentence"],"fullName":"a date inside a sentence is an unknown, not an empty string, when there is no date","status":"passed","title":"is an unknown, not an empty string, when there is no date","duration":0.229200000000219,"failureMessages":[],"meta":{},"tags":[]},{"ancestorTitles":["the price under a ticker"],"fullName":"the price under a ticker says the exchange is shut rather than showing a live-looking number","status":"passed","title":"says the exchange is shut rather than showing a live-looking number","duration":0.24319999999988795,"failureMessages":[],"meta":{},"tags":[]},{"ancestorTitles":["the price under a ticker"],"fullName":"the price under a ticker treats a quote of zero as no quote, not as a price of nothing","status":"passed","title":"treats a quote of zero as no quote, not as a price of nothing","duration":0.18600000000014916,"failureMessages":[],"meta":{},"tags":[]},{"ancestorTitles":["the price under a ticker"],"fullName":"the price under a ticker keeps a sub-dollar price at a precision that still has a price in it","status":"passed","title":"keeps a sub-dollar price at a precision that still has a price in it","duration":0.16630000000031941,"failureMessages":[],"meta":{},"tags":[]},{"ancestorTitles":["the price under a ticker"],"fullName":"the price under a ticker drops the cents once they are noise","status":"passed","title":"drops the cents once they are noise","duration":0.17600000000038563,"failureMessages":[],"meta":{},"tags":[]},{"ancestorTitles":["money"],"fullName":"money formats a market price as US dollars, $194.20 style","status":"passed","title":"formats a market price as US dollars, $194.20 style","duration":20.833700000000135,"failureMessages":[],"meta":{},"tags":[]},{"ancestorTitles":["money"],"fullName":"money never gives a non-dollar value a dollar sign or a euro sign","status":"passed","title":"never gives a non-dollar value a dollar sign or a euro sign","duration":0.8384999999998399,"failureMessages":[],"meta":{},"tags":[]},{"ancestorTitles":["money"],"fullName":"money labels delayed quote age in a human unit and preserves an unknown age","status":"passed","title":"labels delayed quote age in a human unit and preserves an unknown age","duration":0.29899999999997817,"failureMessages":[],"meta":{},"tags":[]},{"ancestorTitles":["money"],"fullName":"money formats both ends of a range by the larger end","status":"passed","title":"formats both ends of a range by the larger end","duration":1.7669999999998254,"failureMessages":[],"meta":{},"tags":[]},{"ancestorTitles":["count"],"fullName":"count groups a figure too long to read at a glance","status":"passed","title":"groups a figure too long to read at a glance","duration":1.210399999999936,"failureMessages":[],"meta":{},"tags":[]},{"ancestorTitles":["count"],"fullName":"count does not follow the reader locale","status":"passed","title":"does not follow the reader locale","duration":0.8659000000002379,"failureMessages":[],"meta":{},"tags":[]},{"ancestorTitles":["money is always dollars"],"fullName":"money is always dollars prints the dollar sign and takes no currency","status":"passed","title":"prints the dollar sign and takes no currency","duration":2.513500000000022,"failureMessages":[],"meta":{},"tags":[]}],"startTime":1789600671758,"endTime":1789600671899.5134,"status":"passed","message":"","name":"C:/Users/michi/Desktop/CodingStuff/.worktrees/radar-selected-price-charts/personal_apps/static/radar/src/format.test.ts"},{"assertionResults":[{"ancestorTitles":["the embedded payload"],"fullName":"the embedded payload is rejected rather than parsed into a page that throws later","status":"passed","title":"is rejected rather than parsed into a page that throws later","duration":21.0009,"failureMessages":[],"meta":{},"tags":[]},{"ancestorTitles":["the embedded payload"],"fullName":"the embedded payload accepts a board that has rows, including an empty one","status":"passed","title":"accepts a board that has rows, including an empty one","duration":3.319100000000617,"failureMessages":[],"meta":{},"tags":[]},{"ancestorTitles":["the embedded payload"],"fullName":"the embedded payload refuses an embedded payload for any market but the US one","status":"passed","title":"refuses an embedded payload for any market but the US one","duration":8.471800000000258,"failureMessages":[],"meta":{},"tags":[]},{"ancestorTitles":["quote movement in the identity"],"fullName":"quote movement in the identity separates regular and after-hours movement","status":"passed","title":"separates regular and after-hours movement","duration":375.79869999999937,"failureMessages":[],"meta":{},"tags":[]},{"ancestorTitles":["quote movement in the identity"],"fullName":"quote movement in the identity says a stale quote's age in a human unit, like the row does","status":"passed","title":"says a stale quote's age in a human unit, like the row does","duration":36.30040000000008,"failureMessages":[],"meta":{},"tags":[]},{"ancestorTitles":["quote movement in the identity"],"fullName":"quote movement in the identity names a frozen tape even when its provider quote is live","status":"passed","title":"names a frozen tape even when its provider quote is live","duration":19.79780000000028,"failureMessages":[],"meta":{},"tags":[]},{"ancestorTitles":["quote movement in the identity"],"fullName":"quote movement in the identity never prints null for an unavailable quote source or currency","status":"passed","title":"never prints null for an unavailable quote source or currency","duration":12.599099999999453,"failureMessages":[],"meta":{},"tags":[]},{"ancestorTitles":["quote movement in the identity"],"fullName":"quote movement in the identity uses the quoted instant's Berlin date for EOD","status":"passed","title":"uses the quoted instant's Berlin date for EOD","duration":70.55509999999958,"failureMessages":[],"meta":{},"tags":[]},{"ancestorTitles":["a zone that throws"],"fullName":"a zone that throws leaves words on the page instead of unmounting the tree","status":"passed","title":"leaves words on the page instead of unmounting the tree","duration":106.01479999999992,"failureMessages":[],"meta":{},"tags":[]},{"ancestorTitles":["a zone that throws"],"fullName":"a zone that throws does not take the rest of the board down with it","status":"passed","title":"does not take the rest of the board down with it","duration":39.288400000000365,"failureMessages":[],"meta":{},"tags":[]},{"ancestorTitles":["the panel across a row change"],"fullName":"the panel across a row change keeps the chart span the reader chose","status":"passed","title":"keeps the chart span the reader chose","duration":1030.1108000000004,"failureMessages":[],"meta":{},"tags":[]},{"ancestorTitles":["the panel across a row change"],"fullName":"the panel across a row change still clears a tripped boundary when the ticker changes","status":"passed","title":"still clears a tripped boundary when the ticker changes","duration":51.800899999999274,"failureMessages":[],"meta":{},"tags":[]},{"ancestorTitles":["the span the chart opens on"],"fullName":"the span the chart opens on opens on one week regardless of available history","status":"passed","title":"opens on one week regardless of available history","duration":1.5001000000002023,"failureMessages":[],"meta":{},"tags":[]},{"ancestorTitles":["the chart draws itself"],"fullName":"the chart draws itself separates the furniture from the data so the wipe has something to wipe","status":"passed","title":"separates the furniture from the data so the wipe has something to wipe","duration":314.61019999999917,"failureMessages":[],"meta":{},"tags":[]},{"ancestorTitles":["the chart draws itself"],"fullName":"the chart draws itself is drawn by default, not revealed by a class","status":"passed","title":"is drawn by default, not revealed by a class","duration":119.41350000000057,"failureMessages":[],"meta":{},"tags":[]},{"ancestorTitles":["what a failing status actually says"],"fullName":"what a failing status actually says separates a missing ticker from an unreachable board","status":"passed","title":"separates a missing ticker from an unreachable board","duration":18.472999999999956,"failureMessages":[],"meta":{},"tags":[]},{"ancestorTitles":["what a failing status actually says"],"fullName":"what a failing status actually says names a server error as one","status":"passed","title":"names a server error as one","duration":13.501999999999498,"failureMessages":[],"meta":{},"tags":[]},{"ancestorTitles":["what a failing status actually says"],"fullName":"what a failing status actually says says so when it is being rate-limited","status":"passed","title":"says so when it is being rate-limited","duration":3.642899999999827,"failureMessages":[],"meta":{},"tags":[]},{"ancestorTitles":["what a failing status actually says"],"fullName":"what a failing status actually says treats a rejected session as a session, not a network fault","status":"passed","title":"treats a rejected session as a session, not a network fault","duration":1.4322000000001935,"failureMessages":[],"meta":{},"tags":[]},{"ancestorTitles":["what a failing status actually says"],"fullName":"what a failing status actually says carries a sentence, not the bare reason word","status":"passed","title":"carries a sentence, not the bare reason word","duration":2.5720000000001164,"failureMessages":[],"meta":{},"tags":[]},{"ancestorTitles":["a panel that failed"],"fullName":"a panel that failed offers a way back rather than a dead end","status":"passed","title":"offers a way back rather than a dead end","duration":424.7939000000006,"failureMessages":[],"meta":{},"tags":[]},{"ancestorTitles":["a panel that failed"],"fullName":"a panel that failed still offers a way out when the DEAD ticker is the top row","status":"passed","title":"still offers a way out when the DEAD ticker is the top row","duration":353.1918999999998,"failureMessages":[],"meta":{},"tags":[]},{"ancestorTitles":["a panel that failed"],"fullName":"a panel that failed can retry the same ticker without leaving it","status":"passed","title":"can retry the same ticker without leaving it","duration":207.8672000000006,"failureMessages":[],"meta":{},"tags":[]},{"ancestorTitles":["an empty board"],"fullName":"an empty board does not invite a selection from a list with nothing in it","status":"passed","title":"does not invite a selection from a list with nothing in it","duration":36.794299999999566,"failureMessages":[],"meta":{},"tags":[]},{"ancestorTitles":["an empty board"],"fullName":"an empty board names the two controls that would widen the net once","status":"passed","title":"names the two controls that would widen the net once","duration":94.8111000000008,"failureMessages":[],"meta":{},"tags":[]},{"ancestorTitles":["the marks"],"fullName":"the marks says what each one on the board means","status":"passed","title":"says what each one on the board means","duration":130.96830000000045,"failureMessages":[],"meta":{},"tags":[]},{"ancestorTitles":["the marks"],"fullName":"the marks does not define a mark the header has already taken over","status":"passed","title":"does not define a mark the header has already taken over","duration":40.577400000000125,"failureMessages":[],"meta":{},"tags":[]},{"ancestorTitles":["the marks"],"fullName":"the marks explains nothing when no row carries a mark","status":"passed","title":"explains nothing when no row carries a mark","duration":108.10779999999977,"failureMessages":[],"meta":{},"tags":[]},{"ancestorTitles":["a post nobody sized"],"fullName":"a post nobody sized clips a wall of text rather than letting it become the page","status":"passed","title":"clips a wall of text rather than letting it become the page","duration":29.19920000000093,"failureMessages":[],"meta":{},"tags":[]},{"ancestorTitles":["a post nobody sized"],"fullName":"a post nobody sized opens it in place rather than hiding it for good","status":"passed","title":"opens it in place rather than hiding it for good","duration":157.65639999999985,"failureMessages":[],"meta":{},"tags":[]},{"ancestorTitles":["a post nobody sized"],"fullName":"a post nobody sized leaves an ordinary post alone","status":"passed","title":"leaves an ordinary post alone","duration":35.7479000000003,"failureMessages":[],"meta":{},"tags":[]},{"ancestorTitles":["a post nobody sized"],"fullName":"a post nobody sized shows the post date in Radar's Berlin timezone, in English","status":"passed","title":"shows the post date in Radar's Berlin timezone, in English","duration":10.629500000000917,"failureMessages":[],"meta":{},"tags":[]},{"ancestorTitles":["a post nobody sized"],"fullName":"a post nobody sized renders what the source escaped, not the escaping","status":"passed","title":"renders what the source escaped, not the escaping","duration":29.473400000000765,"failureMessages":[],"meta":{},"tags":[]},{"ancestorTitles":["how old the board is"],"fullName":"how old the board is always says how long ago the board was calculated","status":"passed","title":"always says how long ago the board was calculated","duration":128.66010000000097,"failureMessages":[],"meta":{},"tags":[]},{"ancestorTitles":["how old the board is"],"fullName":"how old the board is stops printing an age that has stopped being true","status":"passed","title":"stops printing an age that has stopped being true","duration":144.9476999999988,"failureMessages":[],"meta":{},"tags":[]},{"ancestorTitles":["mobile continuity"],"fullName":"mobile continuity labels a daily 1D fallback as a daily close in both caption and legend","status":"passed","title":"labels a daily 1D fallback as a daily close in both caption and legend","duration":97.45750000000044,"failureMessages":[],"meta":{},"tags":[]},{"ancestorTitles":["mobile continuity"],"fullName":"mobile continuity keeps the chart basis note outside the horizontally panning plot","status":"passed","title":"keeps the chart basis note outside the horizontally panning plot","duration":173.3726999999999,"failureMessages":[],"meta":{},"tags":[]},{"ancestorTitles":["mobile continuity"],"fullName":"mobile continuity offers a route from the loaded panel back to the selected row","status":"passed","title":"offers a route from the loaded panel back to the selected row","duration":327.7322000000004,"failureMessages":[],"meta":{},"tags":[]},{"ancestorTitles":["mobile continuity"],"fullName":"mobile continuity opens a panning chart on its newest data","status":"passed","title":"opens a panning chart on its newest data","duration":168.79340000000047,"failureMessages":[],"meta":{},"tags":[]},{"ancestorTitles":["printing the chart"],"fullName":"printing the chart keeps the selected span in the printable content","status":"passed","title":"keeps the selected span in the printable content","duration":401.4989000000005,"failureMessages":[],"meta":{},"tags":[]}],"startTime":1789600652110,"endTime":1789600657472.4988,"status":"passed","message":"","name":"C:/Users/michi/Desktop/CodingStuff/.worktrees/radar-selected-price-charts/personal_apps/static/radar/src/hardening.test.tsx"},{"assertionResults":[{"ancestorTitles":["the busy board recedes without dimming text"],"fullName":"the busy board recedes without dimming text quiets the chart drawing, not the words beside it","status":"passed","title":"quiets the chart drawing, not the words beside it","duration":2.4119000000000597,"failureMessages":[],"meta":{},"tags":[]},{"ancestorTitles":["every reveal degrades to a finished surface"],"fullName":"every reveal degrades to a finished surface has animations to check","status":"passed","title":"has animations to check","duration":0.3206999999997606,"failureMessages":[],"meta":{},"tags":[]},{"ancestorTitles":["every reveal degrades to a finished surface"],"fullName":"every reveal degrades to a finished surface never fills forwards","status":"passed","title":"never fills forwards","duration":0.7980999999999767,"failureMessages":[],"meta":{},"tags":[]},{"ancestorTitles":["every reveal degrades to a finished surface"],"fullName":"every reveal degrades to a finished surface states a fill mode rather than relying on the default","status":"passed","title":"states a fill mode rather than relying on the default","duration":0.6372999999998683,"failureMessages":[],"meta":{},"tags":[]},{"ancestorTitles":["every reveal degrades to a finished surface"],"fullName":"every reveal degrades to a finished surface animates the FROM: no keyframe sets a visible end state","status":"passed","title":"animates the FROM: no keyframe sets a visible end state","duration":0.9738999999999578,"failureMessages":[],"meta":{},"tags":[]},{"ancestorTitles":["accessibility contracts in the stylesheet"],"fullName":"accessibility contracts in the stylesheet does not dim the count inside a pressed filter chip","status":"passed","title":"does not dim the count inside a pressed filter chip","duration":1.9137000000000626,"failureMessages":[],"meta":{},"tags":[]},{"ancestorTitles":["accessibility contracts in the stylesheet"],"fullName":"accessibility contracts in the stylesheet raises the touch targets on a coarse pointer","status":"passed","title":"raises the touch targets on a coarse pointer","duration":0.298200000000179,"failureMessages":[],"meta":{},"tags":[]},{"ancestorTitles":["accessibility contracts in the stylesheet"],"fullName":"accessibility contracts in the stylesheet keeps the column-header styling off the row header","status":"passed","title":"keeps the column-header styling off the row header","duration":0.2501999999999498,"failureMessages":[],"meta":{},"tags":[]},{"ancestorTitles":["accessibility contracts in the stylesheet"],"fullName":"accessibility contracts in the stylesheet stacks the identity price below its facts on a 390px screen","status":"passed","title":"stacks the identity price below its facts on a 390px screen","duration":0.5007000000000517,"failureMessages":[],"meta":{},"tags":[]},{"ancestorTitles":["reduced motion"],"fullName":"reduced motion still turns everything off","status":"passed","title":"still turns everything off","duration":0.44350000000031287,"failureMessages":[],"meta":{},"tags":[]},{"ancestorTitles":["expanding retained posts"],"fullName":"expanding retained posts does not animate the height of every post in the panel","status":"passed","title":"does not animate the height of every post in the panel","duration":0.34569999999985157,"failureMessages":[],"meta":{},"tags":[]},{"ancestorTitles":["the age line"],"fullName":"the age line quiets the refreshing token, never the line a failure is printed in","status":"passed","title":"quiets the refreshing token, never the line a failure is printed in","duration":0.22710000000006403,"failureMessages":[],"meta":{},"tags":[]},{"ancestorTitles":["printing from a narrow viewport"],"fullName":"printing from a narrow viewport does not print controls that only make sense on a panning screen","status":"passed","title":"does not print controls that only make sense on a panning screen","duration":0.21090000000003783,"failureMessages":[],"meta":{},"tags":[]}],"startTime":1789600674172,"endTime":1789600674182.3457,"status":"passed","message":"","name":"C:/Users/michi/Desktop/CodingStuff/.worktrees/radar-selected-price-charts/personal_apps/static/radar/src/motion.test.ts"},{"assertionResults":[{"ancestorTitles":["what the age line says about a board"],"fullName":"what the age line says about a board reads a fresh board as its age alone","status":"passed","title":"reads a fresh board as its age alone","duration":7.191199999999753,"failureMessages":[],"meta":{},"tags":[]},{"ancestorTitles":["what the age line says about a board"],"fullName":"what the age line says about a board says what is done about a board past its bound, by who built it","status":"passed","title":"says what is done about a board past its bound, by who built it","duration":3.305699999999888,"failureMessages":[],"meta":{},"tags":[]},{"ancestorTitles":["what the age line says about a board"],"fullName":"what the age line says about a board stops printing an age past the hard expiry, and has none for a shell","status":"passed","title":"stops printing an age past the hard expiry, and has none for a shell","duration":1.2544999999995525,"failureMessages":[],"meta":{},"tags":[]},{"ancestorTitles":["how soon to ask again"],"fullName":"how soon to ask again walks the schedule while the wait is still young","status":"passed","title":"walks the schedule while the wait is still young","duration":0.7246000000000095,"failureMessages":[],"meta":{},"tags":[]},{"ancestorTitles":["how soon to ask again"],"fullName":"how soon to ask again settles at five seconds once the reader has waited half a minute","status":"passed","title":"settles at five seconds once the reader has waited half a minute","duration":0.8067000000000917,"failureMessages":[],"meta":{},"tags":[]},{"ancestorTitles":["how soon to ask again"],"fullName":"how soon to ask again never asks sooner than the server said to","status":"passed","title":"never asks sooner than the server said to","duration":0.3712000000000444,"failureMessages":[],"meta":{},"tags":[]},{"ancestorTitles":["how soon to ask again"],"fullName":"how soon to ask again spreads every delay upward, so a crowd does not march","status":"passed","title":"spreads every delay upward, so a crowd does not march","duration":55.01559999999972,"failureMessages":[],"meta":{},"tags":[]},{"ancestorTitles":["how soon to ask again"],"fullName":"how soon to ask again still spreads a crowd the server has put a floor under","status":"passed","title":"still spreads a crowd the server has put a floor under","duration":65.47749999999996,"failureMessages":[],"meta":{},"tags":[]},{"ancestorTitles":["the poller"],"fullName":"the poller asks again on the schedule until it is stopped","status":"passed","title":"asks again on the schedule until it is stopped","duration":17.7492000000002,"failureMessages":[],"meta":{},"tags":[]},{"ancestorTitles":["the poller"],"fullName":"the poller takes the server's own retry floor from the answer","status":"passed","title":"takes the server's own retry floor from the answer","duration":2.737499999999727,"failureMessages":[],"meta":{},"tags":[]},{"ancestorTitles":["the poller"],"fullName":"the poller stops asking while the tab is hidden and asks at once when it is back","status":"passed","title":"stops asking while the tab is hidden and asks at once when it is back","duration":2.0113000000001193,"failureMessages":[],"meta":{},"tags":[]},{"ancestorTitles":["the poller"],"fullName":"the poller comes back from a hidden tab as one chain, never two","status":"passed","title":"comes back from a hidden tab as one chain, never two","duration":3.2161000000000968,"failureMessages":[],"meta":{},"tags":[]},{"ancestorTitles":["the poller"],"fullName":"the poller drops an answer that belongs to a wait it has already left","status":"passed","title":"drops an answer that belongs to a wait it has already left","duration":11.983600000000024,"failureMessages":[],"meta":{},"tags":[]},{"ancestorTitles":["the poller"],"fullName":"the poller survives a throw rather than ending the wait on one bad answer","status":"passed","title":"survives a throw rather than ending the wait on one bad answer","duration":1.8101000000001477,"failureMessages":[],"meta":{},"tags":[]},{"ancestorTitles":["the poller"],"fullName":"the poller asks at once when told to, as its own next ask","status":"passed","title":"asks at once when told to, as its own next ask","duration":10.510599999999613,"failureMessages":[],"meta":{},"tags":[]},{"ancestorTitles":["the poller"],"fullName":"the poller never asks beside an ask already out, nor for a hidden tab","status":"passed","title":"never asks beside an ask already out, nor for a hidden tab","duration":20.985199999999622,"failureMessages":[],"meta":{},"tags":[]},{"ancestorTitles":["the poller"],"fullName":"the poller keeps the server's floor through an answer that had nothing to say","status":"passed","title":"keeps the server's floor through an answer that had nothing to say","duration":3.304399999999987,"failureMessages":[],"meta":{},"tags":[]},{"ancestorTitles":["the poller"],"fullName":"the poller takes a floor from an answer it did not ask for itself","status":"passed","title":"takes a floor from an answer it did not ask for itself","duration":1.856000000000222,"failureMessages":[],"meta":{},"tags":[]},{"ancestorTitles":["how long a board on screen stays good"],"fullName":"how long a board on screen stays good adds the time this page has held a board to the age it was sent with","status":"passed","title":"adds the time this page has held a board to the age it was sent with","duration":0.4906999999998334,"failureMessages":[],"meta":{},"tags":[]},{"ancestorTitles":["how long a board on screen stays good"],"fullName":"how long a board on screen stays good dates a document that carries no age by its build stamp","status":"passed","title":"dates a document that carries no age by its build stamp","duration":0.2667999999998756,"failureMessages":[],"meta":{},"tags":[]},{"ancestorTitles":["how long a board on screen stays good"],"fullName":"how long a board on screen stays good calls a board stale strictly past its bound, as the server does (shared: true)","status":"passed","title":"calls a board stale strictly past its bound, as the server does (shared: true)","duration":0.45479999999997744,"failureMessages":[],"meta":{},"tags":[]},{"ancestorTitles":["how long a board on screen stays good"],"fullName":"how long a board on screen stays good calls a board stale strictly past its bound, as the server does (shared: false)","status":"passed","title":"calls a board stale strictly past its bound, as the server does (shared: false)","duration":0.24430000000029395,"failureMessages":[],"meta":{},"tags":[]},{"ancestorTitles":["how long a board on screen stays good"],"fullName":"how long a board on screen stays good marks a board stale whoever built it, and waits only on the store","status":"passed","title":"marks a board stale whoever built it, and waits only on the store","duration":0.43280000000004293,"failureMessages":[],"meta":{},"tags":[]},{"ancestorTitles":["how long a board on screen stays good"],"fullName":"how long a board on screen stays good has nothing to say about a board nobody has built yet","status":"passed","title":"has nothing to say about a board nobody has built yet","duration":0.4412000000002081,"failureMessages":[],"meta":{},"tags":[]}],"startTime":1789600671651,"endTime":1789600671865.4412,"status":"passed","message":"","name":"C:/Users/michi/Desktop/CodingStuff/.worktrees/radar-selected-price-charts/personal_apps/static/radar/src/pending.test.ts"},{"assertionResults":[{"ancestorTitles":["market-data v2 provenance badges"],"fullName":"market-data v2 provenance badges labels a midpoint as indicative and not as a trade","status":"passed","title":"labels a midpoint as indicative and not as a trade","duration":101.00220000000081,"failureMessages":[],"meta":{},"tags":[]},{"ancestorTitles":["market-data v2 provenance badges"],"fullName":"market-data v2 provenance badges carries the book in accessible text, not crammed into the row","status":"passed","title":"carries the book in accessible text, not crammed into the row","duration":16.764400000000023,"failureMessages":[],"meta":{},"tags":[]},{"ancestorTitles":["market-data v2 provenance badges"],"fullName":"market-data v2 provenance badges a trade never wears the indicative badge","status":"passed","title":"a trade never wears the indicative badge","duration":6.592800000000352,"failureMessages":[],"meta":{},"tags":[]},{"ancestorTitles":["market-data v2 provenance badges"],"fullName":"market-data v2 provenance badges names the US venue and dollars, and never a fallback listing","status":"passed","title":"names the US venue and dollars, and never a fallback listing","duration":8.678499999999985,"failureMessages":[],"meta":{},"tags":[]},{"ancestorTitles":["market-data v2 provenance badges"],"fullName":"market-data v2 provenance badges says so when a quote has no currency, rather than guessing one","status":"passed","title":"says so when a quote has no currency, rather than guessing one","duration":8.699799999999414,"failureMessages":[],"meta":{},"tags":[]}],"startTime":1789600671974,"endTime":1789600672116.6997,"status":"passed","message":"","name":"C:/Users/michi/Desktop/CodingStuff/.worktrees/radar-selected-price-charts/personal_apps/static/radar/src/QuoteBadges.test.tsx"},{"assertionResults":[{"ancestorTitles":["the two panes"],"fullName":"the two panes renders the peak chatter hour in Radar's Berlin timezone","status":"passed","title":"renders the peak chatter hour in Radar's Berlin timezone","duration":510.59569999999985,"failureMessages":[],"meta":{},"tags":[]},{"ancestorTitles":["the two panes"],"fullName":"the two panes lists one row per ticker, with no promoted tier","status":"passed","title":"lists one row per ticker, with no promoted tier","duration":180.4916000000003,"failureMessages":[],"meta":{},"tags":[]},{"ancestorTitles":["the two panes"],"fullName":"the two panes opens on the top row so the page is useful with no clicks","status":"passed","title":"opens on the top row so the page is useful with no clicks","duration":461.7996000000003,"failureMessages":[],"meta":{},"tags":[]},{"ancestorTitles":["the two panes"],"fullName":"the two panes opens on the ticker in the address bar instead, when there is one","status":"passed","title":"opens on the ticker in the address bar instead, when there is one","duration":269.52819999999974,"failureMessages":[],"meta":{},"tags":[]},{"ancestorTitles":["the two panes"],"fullName":"the two panes does not fetch the board on mount -- it is already in the document","status":"passed","title":"does not fetch the board on mount -- it is already in the document","duration":117.20989999999983,"failureMessages":[],"meta":{},"tags":[]},{"ancestorTitles":["the two panes"],"fullName":"the two panes fetches the panel for the opening ticker","status":"passed","title":"fetches the panel for the opening ticker","duration":122.00430000000051,"failureMessages":[],"meta":{},"tags":[]},{"ancestorTitles":["selecting a ticker"],"fullName":"selecting a ticker swaps the panel without refetching the board","status":"passed","title":"swaps the panel without refetching the board","duration":713.2329,"failureMessages":[],"meta":{},"tags":[]},{"ancestorTitles":["selecting a ticker"],"fullName":"selecting a ticker puts the ticker in the address bar","status":"passed","title":"puts the ticker in the address bar","duration":524.5420000000004,"failureMessages":[],"meta":{},"tags":[]},{"ancestorTitles":["the controls"],"fullName":"the controls offers no market to choose and never asks for one","status":"passed","title":"offers no market to choose and never asks for one","duration":1279.9647999999997,"failureMessages":[],"meta":{},"tags":[]},{"ancestorTitles":["the controls"],"fullName":"the controls names the venue, session, and next boundary in the header","status":"passed","title":"names the venue, session, and next boundary in the header","duration":50.6880000000001,"failureMessages":[],"meta":{},"tags":[]},{"ancestorTitles":["the controls"],"fullName":"the controls refetches and rewrites the address bar when a source is dropped","status":"passed","title":"refetches and rewrites the address bar when a source is dropped","duration":1067.6445000000003,"failureMessages":[],"meta":{},"tags":[]},{"ancestorTitles":["the controls"],"fullName":"the controls keeps All in the address bar rather than omitting it","status":"passed","title":"keeps All in the address bar rather than omitting it","duration":705.905999999999,"failureMessages":[],"meta":{},"tags":[]},{"ancestorTitles":["the controls"],"fullName":"the controls will not let the last source be turned off","status":"passed","title":"will not let the last source be turned off","duration":445.8240999999998,"failureMessages":[],"meta":{},"tags":[]},{"ancestorTitles":["the controls"],"fullName":"the controls coalesces a burst of control changes into one request","status":"passed","title":"coalesces a burst of control changes into one request","duration":778.1933000000008,"failureMessages":[],"meta":{},"tags":[]},{"ancestorTitles":["the controls"],"fullName":"the controls renders every view whatever the data says","status":"passed","title":"renders every view whatever the data says","duration":210.15049999999974,"failureMessages":[],"meta":{},"tags":[]},{"ancestorTitles":["the controls"],"fullName":"the controls does not put the chart span in the board controls","status":"passed","title":"does not put the chart span in the board controls","duration":71.02160000000003,"failureMessages":[],"meta":{},"tags":[]},{"ancestorTitles":["when the board changes under the selection"],"fullName":"when the board changes under the selection moves to the top row if the selected ticker is filtered out","status":"passed","title":"moves to the top row if the selected ticker is filtered out","duration":769.7053999999989,"failureMessages":[],"meta":{},"tags":[]},{"ancestorTitles":["the account of what was left out"],"fullName":"the account of what was left out is shown beneath the rows","status":"passed","title":"is shown beneath the rows","duration":139.48790000000008,"failureMessages":[],"meta":{},"tags":[]},{"ancestorTitles":["when the board cannot be reached"],"fullName":"when the board cannot be reached keeps the last board and says the refresh failed","status":"passed","title":"keeps the last board and says the refresh failed","duration":805.2622999999985,"failureMessages":[],"meta":{},"tags":[]}],"startTime":1789600652055,"endTime":1789600661280.2622,"status":"passed","message":"","name":"C:/Users/michi/Desktop/CodingStuff/.worktrees/radar-selected-price-charts/personal_apps/static/radar/src/board/BoardPage.test.tsx"},{"assertionResults":[{"ancestorTitles":["the views row"],"fullName":"the views row offers the five views and none of the raw sizes by default","status":"passed","title":"offers the five views and none of the raw sizes by default","duration":508.10090000000037,"failureMessages":[],"meta":{},"tags":[]},{"ancestorTitles":["the views row"],"fullName":"the views row shows Discover's members only while Discover is in force","status":"passed","title":"shows Discover's members only while Discover is in force","duration":252.23199999999997,"failureMessages":[],"meta":{},"tags":[]},{"ancestorTitles":["the views row"],"fullName":"the views row reads the members as covered, not pressed, when the server echoes the bundle expanded","status":"passed","title":"reads the members as covered, not pressed, when the server echoes the bundle expanded","duration":403.46530000000075,"failureMessages":[],"meta":{},"tags":[]},{"ancestorTitles":["the views row"],"fullName":"the views row keeps the members in view while one of them is the filter","status":"passed","title":"keeps the members in view while one of them is the filter","duration":55.16910000000007,"failureMessages":[],"meta":{},"tags":[]},{"ancestorTitles":["the views row"],"fullName":"the views row keeps every view in its slot whatever the counts say","status":"passed","title":"keeps every view in its slot whatever the counts say","duration":117.6893,"failureMessages":[],"meta":{},"tags":[]},{"ancestorTitles":["the summary line"],"fullName":"the summary line states the defaults as one sentence and keeps the filters folded","status":"passed","title":"states the defaults as one sentence and keeps the filters folded","duration":29.764400000000023,"failureMessages":[],"meta":{},"tags":[]},{"ancestorTitles":["the summary line"],"fullName":"the summary line names the sources when one is off, and the floor when it is raised","status":"passed","title":"names the sources when one is off, and the floor when it is raised","duration":9.206900000000132,"failureMessages":[],"meta":{},"tags":[]},{"ancestorTitles":["the summary line"],"fullName":"the summary line unfolds the filters on request, with their behaviour intact","status":"passed","title":"unfolds the filters on request, with their behaviour intact","duration":276.6400000000003,"failureMessages":[],"meta":{},"tags":[]},{"ancestorTitles":["the summary line"],"fullName":"the summary line will still not let the last source be turned off once unfolded","status":"passed","title":"will still not let the last source be turned off once unfolded","duration":493.4857000000002,"failureMessages":[],"meta":{},"tags":[]},{"ancestorTitles":["the summary line"],"fullName":"the summary line names the venue floor, which its two tabs do not","status":"passed","title":"names the venue floor, which its two tabs do not","duration":236.42169999999987,"failureMessages":[],"meta":{},"tags":[]}],"startTime":1789600659478,"endTime":1789600661862.4216,"status":"passed","message":"","name":"C:/Users/michi/Desktop/CodingStuff/.worktrees/radar-selected-price-charts/personal_apps/static/radar/src/board/Controls.test.tsx"},{"assertionResults":[{"ancestorTitles":["the chatter axis is anchored at zero"],"fullName":"the chatter axis is anchored at zero draws a flat-but-jittery series near the top, not as a full-height zigzag","status":"passed","title":"draws a flat-but-jittery series near the top, not as a full-height zigzag","duration":3.8395000000000437,"failureMessages":[],"meta":{},"tags":[]},{"ancestorTitles":["the chatter axis is anchored at zero"],"fullName":"the chatter axis is anchored at zero still draws a real spike as a spike","status":"passed","title":"still draws a real spike as a spike","duration":0.6109000000001288,"failureMessages":[],"meta":{},"tags":[]},{"ancestorTitles":["the chatter axis is anchored at zero"],"fullName":"the chatter axis is anchored at zero scales against the max it is given, so charts can share one scale","status":"passed","title":"scales against the max it is given, so charts can share one scale","duration":0.4117999999998574,"failureMessages":[],"meta":{},"tags":[]},{"ancestorTitles":["unmeasured hours"],"fullName":"unmeasured hours breaks the line rather than interpolating across the gap","status":"passed","title":"breaks the line rather than interpolating across the gap","duration":1.9495999999999185,"failureMessages":[],"meta":{},"tags":[]},{"ancestorTitles":["unmeasured hours"],"fullName":"unmeasured hours keeps a lone measured hour visible instead of dropping it","status":"passed","title":"keeps a lone measured hour visible instead of dropping it","duration":0.8278000000000247,"failureMessages":[],"meta":{},"tags":[]},{"ancestorTitles":["unmeasured hours"],"fullName":"unmeasured hours emits no bar for them, and no bar for a measured zero","status":"passed","title":"emits no bar for them, and no bar for a measured zero","duration":0.8110999999998967,"failureMessages":[],"meta":{},"tags":[]},{"ancestorTitles":["unmeasured hours"],"fullName":"unmeasured hours reports the peak over measured hours only","status":"passed","title":"reports the peak over measured hours only","duration":0.6801000000000386,"failureMessages":[],"meta":{},"tags":[]}],"startTime":1789600674378,"endTime":1789600674387.811,"status":"passed","message":"","name":"C:/Users/michi/Desktop/CodingStuff/.worktrees/radar-selected-price-charts/personal_apps/static/radar/src/board/geometry.test.ts"},{"assertionResults":[{"ancestorTitles":["the row magnitude axis"],"fullName":"the row magnitude axis measures how far above normal, not the ratio itself","status":"passed","title":"measures how far above normal, not the ratio itself","duration":3.544300000000021,"failureMessages":[],"meta":{},"tags":[]},{"ancestorTitles":["the row magnitude axis"],"fullName":"the row magnitude axis leaves a row with no baseline out of the scale entirely","status":"passed","title":"leaves a row with no baseline out of the scale entirely","duration":0.4810000000002219,"failureMessages":[],"meta":{},"tags":[]},{"ancestorTitles":["the row magnitude axis"],"fullName":"the row magnitude axis shares one scale across the rows rather than one per row","status":"passed","title":"shares one scale across the rows rather than one per row","duration":0.43460000000004584,"failureMessages":[],"meta":{},"tags":[]},{"ancestorTitles":["the row magnitude axis"],"fullName":"the row magnitude axis still fills most of the axis when the board is clustered","status":"passed","title":"still fills most of the axis when the board is clustered","duration":0.4311999999999898,"failureMessages":[],"meta":{},"tags":[]},{"ancestorTitles":["the row magnitude axis"],"fullName":"the row magnitude axis survives a board where nothing is above its normal","status":"passed","title":"survives a board where nothing is above its normal","duration":1.167699999999968,"failureMessages":[],"meta":{},"tags":[]},{"ancestorTitles":["the row magnitude axis"],"fullName":"the row magnitude axis rounds up to a number an axis would be labelled with","status":"passed","title":"rounds up to a number an axis would be labelled with","duration":0.6439999999997781,"failureMessages":[],"meta":{},"tags":[]},{"ancestorTitles":["the row magnitude axis"],"fullName":"the row magnitude axis never lets the loudest row fall below two thirds of the axis","status":"passed","title":"never lets the loudest row fall below two thirds of the axis","duration":3.8677999999999884,"failureMessages":[],"meta":{},"tags":[]}],"startTime":1789600674232,"endTime":1789600674242.868,"status":"passed","message":"","name":"C:/Users/michi/Desktop/CodingStuff/.worktrees/radar-selected-price-charts/personal_apps/static/radar/src/board/magnitude.test.ts"},{"assertionResults":[{"ancestorTitles":["the stacked layout"],"fullName":"the stacked layout puts the account of what was left out after the panel","status":"passed","title":"puts the account of what was left out after the panel","duration":824.1690000000008,"failureMessages":[],"meta":{},"tags":[]},{"ancestorTitles":["the stacked layout"],"fullName":"the stacked layout keeps that account inside the list on a desk","status":"passed","title":"keeps that account inside the list on a desk","duration":306.2374999999993,"failureMessages":[],"meta":{},"tags":[]},{"ancestorTitles":["the stacked layout"],"fullName":"the stacked layout brings the panel into view the moment a row is tapped","status":"passed","title":"brings the panel into view the moment a row is tapped","duration":750.0829999999996,"failureMessages":[],"meta":{},"tags":[]},{"ancestorTitles":["the stacked layout"],"fullName":"the stacked layout jumps rather than travels when the reader asked for less motion","status":"passed","title":"jumps rather than travels when the reader asked for less motion","duration":280.79320000000007,"failureMessages":[],"meta":{},"tags":[]},{"ancestorTitles":["the stacked layout"],"fullName":"the stacked layout does not scroll on a desk, where the panel is already beside the list","status":"passed","title":"does not scroll on a desk, where the panel is already beside the list","duration":193.40470000000005,"failureMessages":[],"meta":{},"tags":[]},{"ancestorTitles":["the panel while a ticker loads"],"fullName":"the panel while a ticker loads is a skeleton in the panel's own shape, not a line of grey text","status":"passed","title":"is a skeleton in the panel's own shape, not a line of grey text","duration":274.83529999999973,"failureMessages":[],"meta":{},"tags":[]}],"startTime":1789600658820,"endTime":1789600661450.8352,"status":"passed","message":"","name":"C:/Users/michi/Desktop/CodingStuff/.worktrees/radar-selected-price-charts/personal_apps/static/radar/src/board/narrow.test.tsx"},{"assertionResults":[{"ancestorTitles":["a board that is still being calculated"],"fullName":"a board that is still being calculated says so, shows no rows, and claims no build time","status":"passed","title":"says so, shows no rows, and claims no build time","duration":514.8199000000004,"failureMessages":[],"meta":{},"tags":[]},{"ancestorTitles":["a board that is still being calculated"],"fullName":"a board that is still being calculated asks again, as a poll, inside the first delay","status":"passed","title":"asks again, as a poll, inside the first delay","duration":54.98689999999988,"failureMessages":[],"meta":{},"tags":[]},{"ancestorTitles":["a board that is still being calculated"],"fullName":"a board that is still being calculated draws the board the moment a poll brings one","status":"passed","title":"draws the board the moment a poll brings one","duration":389.72580000000016,"failureMessages":[],"meta":{},"tags":[]},{"ancestorTitles":["a board that is still being calculated"],"fullName":"a board that is still being calculated stops asking once the board is there","status":"passed","title":"stops asking once the board is there","duration":219.22819999999956,"failureMessages":[],"meta":{},"tags":[]},{"ancestorTitles":["a board that is still being calculated"],"fullName":"a board that is still being calculated drops the answer to the question the reader has already left","status":"passed","title":"drops the answer to the question the reader has already left","duration":632.8456999999999,"failureMessages":[],"meta":{},"tags":[]},{"ancestorTitles":["a board that is still being calculated"],"fullName":"a board that is still being calculated never paints a board under a selection nobody is on any more","status":"passed","title":"never paints a board under a selection nobody is on any more","duration":315.90989999999965,"failureMessages":[],"meta":{},"tags":[]},{"ancestorTitles":["a board that is still being calculated"],"fullName":"a board that is still being calculated names the new window while the new board is still being calculated","status":"passed","title":"names the new window while the new board is still being calculated","duration":452.7656999999999,"failureMessages":[],"meta":{},"tags":[]},{"ancestorTitles":["a board that is still being calculated"],"fullName":"a board that is still being calculated does not poll a queue for a tab nobody is looking at","status":"passed","title":"does not poll a queue for a tab nobody is looking at","duration":139.80069999999978,"failureMessages":[],"meta":{},"tags":[]},{"ancestorTitles":["a board that is still being calculated"],"fullName":"a board that is still being calculated admits it is taking long, and offers the way out","status":"passed","title":"admits it is taking long, and offers the way out","duration":170.27120000000014,"failureMessages":[],"meta":{},"tags":[]},{"ancestorTitles":["a board that is still being calculated"],"fullName":"a board that is still being calculated refetches when the reader retries","status":"passed","title":"refetches when the reader retries","duration":241.53040000000055,"failureMessages":[],"meta":{},"tags":[]},{"ancestorTitles":["a board that is still being calculated"],"fullName":"a board that is still being calculated keeps its place in the back-off when the reader retries","status":"passed","title":"keeps its place in the back-off when the reader retries","duration":131.25400000000081,"failureMessages":[],"meta":{},"tags":[]},{"ancestorTitles":["a board that is still being calculated"],"fullName":"a board that is still being calculated lets a slow retry answer instead of asking over the top of it","status":"passed","title":"lets a slow retry answer instead of asking over the top of it","duration":203.40790000000015,"failureMessages":[],"meta":{},"tags":[]},{"ancestorTitles":["a board that is still being calculated"],"fullName":"a board that is still being calculated starts the wait over when the reader asks a different question","status":"passed","title":"starts the wait over when the reader asks a different question","duration":240.0697,"failureMessages":[],"meta":{},"tags":[]},{"ancestorTitles":["a board that is still being calculated"],"fullName":"a board that is still being calculated opens no wait in a tab that was already hidden when it mounted","status":"passed","title":"opens no wait in a tab that was already hidden when it mounted","duration":30.62250000000131,"failureMessages":[],"meta":{},"tags":[]},{"ancestorTitles":["a board that is busy with other selections"],"fullName":"a board that is busy with other selections says what is happening, keeps the controls, and slows down","status":"passed","title":"says what is happening, keeps the controls, and slows down","duration":245.8102999999992,"failureMessages":[],"meta":{},"tags":[]},{"ancestorTitles":["a board with a refresh queued behind it"],"fullName":"a board with a refresh queued behind it shows its rows and says a fresher one is on the way","status":"passed","title":"shows its rows and says a fresher one is on the way","duration":112.19820000000072,"failureMessages":[],"meta":{},"tags":[]},{"ancestorTitles":["a board with a refresh queued behind it"],"fullName":"a board with a refresh queued behind it asks every five seconds until the refresh lands","status":"passed","title":"asks every five seconds until the refresh lands","duration":344.48699999999917,"failureMessages":[],"meta":{},"tags":[]},{"ancestorTitles":["a board with a refresh queued behind it"],"fullName":"a board with a refresh queued behind it leaves the address bar alone when a poll brings the same board","status":"passed","title":"leaves the address bar alone when a poll brings the same board","duration":206.89179999999942,"failureMessages":[],"meta":{},"tags":[]},{"ancestorTitles":["a board with a refresh queued behind it"],"fullName":"a board with a refresh queued behind it says refreshing whenever the page is waiting on one, whoever built the board","status":"passed","title":"says refreshing whenever the page is waiting on one, whoever built the board","duration":136.6400999999987,"failureMessages":[],"meta":{},"tags":[]},{"ancestorTitles":["a board that goes stale while this page is holding it"],"fullName":"a board that goes stale while this page is holding it passes the fresh bound on its own clock and goes to look","status":"passed","title":"passes the fresh bound on its own clock and goes to look","duration":255.84929999999986,"failureMessages":[],"meta":{},"tags":[]},{"ancestorTitles":["a board that has outlived the window it names"],"fullName":"a board that has outlived the window it names is taken off the screen rather than left there to be read","status":"passed","title":"is taken off the screen rather than left there to be read","duration":227.41520000000128,"failureMessages":[],"meta":{},"tags":[]},{"ancestorTitles":["a board that has outlived the window it names"],"fullName":"a board that has outlived the window it names says the board expired while the replacement is on its way","status":"passed","title":"says the board expired while the replacement is on its way","duration":85.29000000000087,"failureMessages":[],"meta":{},"tags":[]},{"ancestorTitles":["a board that has outlived the window it names"],"fullName":"a board that has outlived the window it names asks once when it expires with a refresh already queued","status":"passed","title":"asks once when it expires with a refresh already queued","duration":134.46669999999904,"failureMessages":[],"meta":{},"tags":[]},{"ancestorTitles":["a board that has outlived the window it names"],"fullName":"a board that has outlived the window it names asks once when it expires while a poll is already out","status":"passed","title":"asks once when it expires while a poll is already out","duration":463.47099999999955,"failureMessages":[],"meta":{},"tags":[]},{"ancestorTitles":["a board that has outlived the window it names"],"fullName":"a board that has outlived the window it names stands down when a poll has just answered as it expires","status":"passed","title":"stands down when a poll has just answered as it expires","duration":122.97670000000107,"failureMessages":[],"meta":{},"tags":[]},{"ancestorTitles":["a board that has outlived the window it names"],"fullName":"a board that has outlived the window it names leaves a hidden tab asleep when its board expires","status":"passed","title":"leaves a hidden tab asleep when its board expires","duration":177.6393999999982,"failureMessages":[],"meta":{},"tags":[]},{"ancestorTitles":["a board that has outlived the window it names"],"fullName":"a board that has outlived the window it names leaves a hidden tab asleep when a board a worker built expires","status":"passed","title":"leaves a hidden tab asleep when a board a worker built expires","duration":358.0743999999995,"failureMessages":[],"meta":{},"tags":[]},{"ancestorTitles":["a board that has outlived the window it names"],"fullName":"a board that has outlived the window it names stops claiming a recalculation once the refetch has failed","status":"passed","title":"stops claiming a recalculation once the refetch has failed","duration":621.9986000000008,"failureMessages":[],"meta":{},"tags":[]},{"ancestorTitles":["a poll that lands while the reader is reading"],"fullName":"a poll that lands while the reader is reading keeps the row the reader clicked while it was out","status":"passed","title":"keeps the row the reader clicked while it was out","duration":265.6254999999983,"failureMessages":[],"meta":{},"tags":[]},{"ancestorTitles":["a poll that lands while the reader is reading"],"fullName":"a poll that lands while the reader is reading keeps the reader's ticker when the new build no longer lists it","status":"passed","title":"keeps the reader's ticker when the new build no longer lists it","duration":169.85859999999957,"failureMessages":[],"meta":{},"tags":[]},{"ancestorTitles":["a refetch that lands while the reader is reading"],"fullName":"a refetch that lands while the reader is reading keeps the row the reader clicked while an expired board was being refetched","status":"passed","title":"keeps the row the reader clicked while an expired board was being refetched","duration":474.9387999999999,"failureMessages":[],"meta":{},"tags":[]},{"ancestorTitles":["the server's floor under a wait"],"fullName":"the server's floor under a wait holds when the reader retries over a poll that was out","status":"passed","title":"holds when the reader retries over a poll that was out","duration":134.66829999999936,"failureMessages":[],"meta":{},"tags":[]},{"ancestorTitles":["the server's floor under a wait"],"fullName":"the server's floor under a wait holds to what the first read of a new selection said","status":"passed","title":"holds to what the first read of a new selection said","duration":329.3658000000014,"failureMessages":[],"meta":{},"tags":[]},{"ancestorTitles":["a board whose rebuilds are failing"],"fullName":"a board whose rebuilds are failing keeps the rows it has and says the refresh failed","status":"passed","title":"keeps the rows it has and says the refresh failed","duration":121.30220000000008,"failureMessages":[],"meta":{},"tags":[]},{"ancestorTitles":["a board whose rebuilds are failing"],"fullName":"a board whose rebuilds are failing says so plainly when there is no board underneath it","status":"passed","title":"says so plainly when there is no board underneath it","duration":60.550600000000486,"failureMessages":[],"meta":{},"tags":[]},{"ancestorTitles":["a board that is simply empty"],"fullName":"a board that is simply empty still says nothing cleared the bar","status":"passed","title":"still says nothing cleared the bar","duration":31.305199999998877,"failureMessages":[],"meta":{},"tags":[]},{"ancestorTitles":["a board from a server that never heard of the shared store"],"fullName":"a board from a server that never heard of the shared store dates itself by its build stamp when it carries no age","status":"passed","title":"dates itself by its build stamp when it carries no age","duration":140.85740000000078,"failureMessages":[],"meta":{},"tags":[]},{"ancestorTitles":["a board from a server that never heard of the shared store"],"fullName":"a board from a server that never heard of the shared store renders exactly as it always did while it is fresh","status":"passed","title":"renders exactly as it always did while it is fresh","duration":76.61590000000069,"failureMessages":[],"meta":{},"tags":[]},{"ancestorTitles":["a board from a server that never heard of the shared store"],"fullName":"a board from a server that never heard of the shared store is marked stale past the fresh bound, says nothing is refreshing it, and asks only when told to","status":"passed","title":"is marked stale past the fresh bound, says nothing is refreshing it, and asks only when told to","duration":199.17640000000029,"failureMessages":[],"meta":{},"tags":[]},{"ancestorTitles":["a board at exactly its fresh bound"],"fullName":"a board at exactly its fresh bound is plain at the bound and marked past it when a worker built it","status":"passed","title":"is plain at the bound and marked past it when a worker built it","duration":163.72270000000026,"failureMessages":[],"meta":{},"tags":[]},{"ancestorTitles":["a board at exactly its fresh bound"],"fullName":"a board at exactly its fresh bound is plain at the bound and refreshing past it when the store serves it","status":"passed","title":"is plain at the bound and refreshing past it when the store serves it","duration":270.91649999999936,"failureMessages":[],"meta":{},"tags":[]},{"ancestorTitles":["a Retry while the reader's own request is out"],"fullName":"a Retry while the reader's own request is out joins the request already out instead of sending another","status":"passed","title":"joins the request already out instead of sending another","duration":244.5096999999987,"failureMessages":[],"meta":{},"tags":[]},{"ancestorTitles":["a Retry while the reader's own request is out"],"fullName":"a Retry while the reader's own request is out offers one Retry once an expired board has failed to refetch, and it asks once","status":"passed","title":"offers one Retry once an expired board has failed to refetch, and it asks once","duration":450.84360000000015,"failureMessages":[],"meta":{},"tags":[]},{"ancestorTitles":["the ticker an asked-again board lands on"],"fullName":"the ticker an asked-again board lands on hands a reader with no ticker the top row of the first board a Retry brings","status":"passed","title":"hands a reader with no ticker the top row of the first board a Retry brings","duration":634.241,"failureMessages":[],"meta":{},"tags":[]},{"ancestorTitles":["the ticker an asked-again board lands on"],"fullName":"the ticker an asked-again board lands on lets a Retry of a failed change of window drop a ticker the new board does not list","status":"passed","title":"lets a Retry of a failed change of window drop a ticker the new board does not list","duration":700.5278000000017,"failureMessages":[],"meta":{},"tags":[]},{"ancestorTitles":["the ticker an asked-again board lands on"],"fullName":"the ticker an asked-again board lands on keeps the ticker again once the change has had its answer","status":"passed","title":"keeps the ticker again once the change has had its answer","duration":809.3928999999989,"failureMessages":[],"meta":{},"tags":[]},{"ancestorTitles":["the ticker an asked-again board lands on"],"fullName":"the ticker an asked-again board lands on lets the refetch of an expired board after a failed change of window drop it too","status":"passed","title":"lets the refetch of an expired board after a failed change of window drop it too","duration":521.9081000000006,"failureMessages":[],"meta":{},"tags":[]},{"ancestorTitles":["a request that fails while the board is being calculated"],"fullName":"a request that fails while the board is being calculated does not say a board is showing when none is","status":"passed","title":"does not say a board is showing when none is","duration":138.19670000000042,"failureMessages":[],"meta":{},"tags":[]},{"ancestorTitles":["a request that fails while the board is being calculated"],"fullName":"a request that fails while the board is being calculated leaves a failed poll to the waiting line while the wait goes on","status":"passed","title":"leaves a failed poll to the waiting line while the wait goes on","duration":50.271199999999226,"failureMessages":[],"meta":{},"tags":[]},{"ancestorTitles":["a request that fails while the board is being calculated"],"fullName":"a request that fails while the board is being calculated says so in the waiting line once the polls keep failing, and keeps asking","status":"passed","title":"says so in the waiting line once the polls keep failing, and keeps asking","duration":260.64060000000245,"failureMessages":[],"meta":{},"tags":[]},{"ancestorTitles":["a request that fails while the board is being calculated"],"fullName":"a request that fails while the board is being calculated takes the note away when a poll answers, and counts afresh","status":"passed","title":"takes the note away when a poll answers, and counts afresh","duration":116.92909999999756,"failureMessages":[],"meta":{},"tags":[]},{"ancestorTitles":["a request that fails while the board is being calculated"],"fullName":"a request that fails while the board is being calculated forgets the failures of a question the reader has left","status":"passed","title":"forgets the failures of a question the reader has left","duration":193.23199999999997,"failureMessages":[],"meta":{},"tags":[]},{"ancestorTitles":["focus when a board arrives on the page own account"],"fullName":"focus when a board arrives on the page own account leaves focus alone for the top row the arriving board picks","status":"passed","title":"leaves focus alone for the top row the arriving board picks","duration":79.76929999999993,"failureMessages":[],"meta":{},"tags":[]},{"ancestorTitles":["focus when a board arrives on the page own account"],"fullName":"focus when a board arrives on the page own account moves focus to the panel for a row the reader picks","status":"passed","title":"moves focus to the panel for a row the reader picks","duration":201.3553000000029,"failureMessages":[],"meta":{},"tags":[]},{"ancestorTitles":["focus when a board arrives on the page own account"],"fullName":"focus when a board arrives on the page own account moves focus for a row the reader picks after the board arrived","status":"passed","title":"moves focus for a row the reader picks after the board arrived","duration":147.16669999999795,"failureMessages":[],"meta":{},"tags":[]},{"ancestorTitles":["what a pending shell says where its numbers would be"],"fullName":"what a pending shell says where its numbers would be does not report a count for a view nobody has counted","status":"passed","title":"does not report a count for a view nobody has counted","duration":20.516599999999016,"failureMessages":[],"meta":{},"tags":[]},{"ancestorTitles":["what a pending shell says where its numbers would be"],"fullName":"what a pending shell says where its numbers would be counts the views again once the board is there","status":"passed","title":"counts the views again once the board is there","duration":41.84169999999722,"failureMessages":[],"meta":{},"tags":[]},{"ancestorTitles":["what a pending shell says where its numbers would be"],"fullName":"what a pending shell says where its numbers would be says the board is not calculated yet rather than that it is empty","status":"passed","title":"says the board is not calculated yet rather than that it is empty","duration":24.058999999997468,"failureMessages":[],"meta":{},"tags":[]},{"ancestorTitles":["what a pending shell says where its numbers would be"],"fullName":"what a pending shell says where its numbers would be still says an empty board is empty","status":"passed","title":"still says an empty board is empty","duration":37.46640000000116,"failureMessages":[],"meta":{},"tags":[]},{"ancestorTitles":["a parked board whose own asks are failing"],"fullName":"a parked board whose own asks are failing says the asks are failing, not only that the board is parked","status":"passed","title":"says the asks are failing, not only that the board is parked","duration":35.868099999999686,"failureMessages":[],"meta":{},"tags":[]},{"ancestorTitles":["the extra request a control change used to leave behind"],"fullName":"the extra request a control change used to leave behind does not send a Retry inside the quarter second a control change owns","status":"passed","title":"does not send a Retry inside the quarter second a control change owns","duration":534.4076999999997,"failureMessages":[],"meta":{},"tags":[]},{"ancestorTitles":["the extra request a control change used to leave behind"],"fullName":"the extra request a control change used to leave behind does not let an expiry refetch fire inside it either","status":"passed","title":"does not let an expiry refetch fire inside it either","duration":590.2415999999976,"failureMessages":[],"meta":{},"tags":[]},{"ancestorTitles":["the refetch a mark is owed, while the reader own request is out"],"fullName":"the refetch a mark is owed, while the reader own request is out does not ask again on top of a request that fails","status":"passed","title":"does not ask again on top of a request that fails","duration":388.3097000000016,"failureMessages":[],"meta":{},"tags":[]},{"ancestorTitles":["the refetch a mark is owed, while the reader own request is out"],"fullName":"the refetch a mark is owed, while the reader own request is out asks again once a request that answered has landed","status":"passed","title":"asks again once a request that answered has landed","duration":477.5181999999986,"failureMessages":[],"meta":{},"tags":[]}],"startTime":1789600652064,"endTime":1789600668441.5183,"status":"passed","message":"","name":"C:/Users/michi/Desktop/CodingStuff/.worktrees/radar-selected-price-charts/personal_apps/static/radar/src/board/pending.test.tsx"},{"assertionResults":[{"ancestorTitles":["finding a stock"],"fullName":"finding a stock fetches once the typing settles, and only for the last query","status":"passed","title":"fetches once the typing settles, and only for the last query","duration":433.47109999999975,"failureMessages":[],"meta":{},"tags":[]},{"ancestorTitles":["finding a stock"],"fullName":"finding a stock annotates each match from what the page already knows","status":"passed","title":"annotates each match from what the page already knows","duration":350.52649999999994,"failureMessages":[],"meta":{},"tags":[]},{"ancestorTitles":["finding a stock"],"fullName":"finding a stock closes when focus leaves the search, and stays open while it moves inside","status":"passed","title":"closes when focus leaves the search, and stays open while it moves inside","duration":549.7984999999999,"failureMessages":[],"meta":{},"tags":[]},{"ancestorTitles":["finding a stock"],"fullName":"finding a stock walks the list with the arrows and opens the panel with Enter","status":"passed","title":"walks the list with the arrows and opens the panel with Enter","duration":374.6355000000003,"failureMessages":[],"meta":{},"tags":[]},{"ancestorTitles":["finding a stock"],"fullName":"finding a stock stars a match without opening it","status":"passed","title":"stars a match without opening it","duration":365.6783000000005,"failureMessages":[],"meta":{},"tags":[]},{"ancestorTitles":["finding a stock"],"fullName":"finding a stock is reached with / and left with Escape, in stages","status":"passed","title":"is reached with / and left with Escape, in stages","duration":405.7569999999996,"failureMessages":[],"meta":{},"tags":[]},{"ancestorTitles":["finding a stock"],"fullName":"finding a stock does not reopen when a response lands after focus has left","status":"passed","title":"does not reopen when a response lands after focus has left","duration":205.7515000000003,"failureMessages":[],"meta":{},"tags":[]},{"ancestorTitles":["finding a stock"],"fullName":"finding a stock says so when nothing matches","status":"passed","title":"says so when nothing matches","duration":348.9951000000001,"failureMessages":[],"meta":{},"tags":[]}],"startTime":1789600651539,"endTime":1789600654573.995,"status":"passed","message":"","name":"C:/Users/michi/Desktop/CodingStuff/.worktrees/radar-selected-price-charts/personal_apps/static/radar/src/board/Search.test.tsx"},{"assertionResults":[{"ancestorTitles":["picking segments"],"fullName":"picking segments adds a second one rather than replacing the first","status":"passed","title":"adds a second one rather than replacing the first","duration":3.7256999999999607,"failureMessages":[],"meta":{},"tags":[]},{"ancestorTitles":["picking segments"],"fullName":"picking segments turns one off without disturbing the others","status":"passed","title":"turns one off without disturbing the others","duration":0.5275000000001455,"failureMessages":[],"meta":{},"tags":[]},{"ancestorTitles":["picking segments"],"fullName":"picking segments lands on All when the last one is turned off","status":"passed","title":"lands on All when the last one is turned off","duration":0.3204999999998108,"failureMessages":[],"meta":{},"tags":[]},{"ancestorTitles":["picking segments"],"fullName":"picking segments clears everything when All is picked","status":"passed","title":"clears everything when All is picked","duration":0.34140000000024884,"failureMessages":[],"meta":{},"tags":[]},{"ancestorTitles":["picking segments"],"fullName":"picking segments does not add the same segment twice","status":"passed","title":"does not add the same segment twice","duration":0.2977000000000771,"failureMessages":[],"meta":{},"tags":[]}],"startTime":1789600674427,"endTime":1789600674432.3413,"status":"passed","message":"","name":"C:/Users/michi/Desktop/CodingStuff/.worktrees/radar-selected-price-charts/personal_apps/static/radar/src/board/segments.test.ts"},{"assertionResults":[{"ancestorTitles":["marking a stock"],"fullName":"marking a stock flips the star at once, tells the server, then refetches th
[...]
TED row is stale, whatever the unquoted ones say","duration":5.390100000000075,"failureMessages":[],"meta":{},"tags":[]},{"ancestorTitles":["quote facts carried by the whole board"],"fullName":"quote facts carried by the whole board lift nothing when no row has a quote to be old","status":"passed","title":"lift nothing when no row has a quote to be old","duration":0.7835000000000036,"failureMessages":[],"meta":{},"tags":[]},{"ancestorTitles":["quote facts carried by the whole board"],"fullName":"quote facts carried by the whole board lift the age most rows share, not the one ancient outlier","status":"passed","title":"lift the age most rows share, not the one ancient outlier","duration":1.3200000000001637,"failureMessages":[],"meta":{},"tags":[]},{"ancestorTitles":["quote facts carried by the whole board"],"fullName":"quote facts carried by the whole board keep the outlier's own age on its row when the board lifted a younger one","status":"passed","title":"keep the outlier's own age on its row when the board lifted a younger one","duration":174.75819999999976,"failureMessages":[],"meta":{},"tags":[]},{"ancestorTitles":["quote facts carried by the whole board"],"fullName":"quote facts carried by the whole board leave \"no live quote\" on the row even when the age was lifted","status":"passed","title":"leave \"no live quote\" on the row even when the age was lifted","duration":10.022199999999884,"failureMessages":[],"meta":{},"tags":[]},{"ancestorTitles":["a mark carried by every row"],"fullName":"a mark carried by every row is lifted off the rows when the whole board has it","status":"passed","title":"is lifted off the rows when the whole board has it","duration":1.6867000000002008,"failureMessages":[],"meta":{},"tags":[]},{"ancestorTitles":["a mark carried by every row"],"fullName":"a mark carried by every row stays on the row when only some rows carry it","status":"passed","title":"stays on the row when only some rows carry it","duration":0.9241000000001804,"failureMessages":[],"meta":{},"tags":[]},{"ancestorTitles":["a mark carried by every row"],"fullName":"a mark carried by every row stays put on a one-row board","status":"passed","title":"stays put on a one-row board","duration":0.5027999999997519,"failureMessages":[],"meta":{},"tags":[]},{"ancestorTitles":["a mark carried by every row"],"fullName":"a mark carried by every row is not rendered twice: the row drops what the header states","status":"passed","title":"is not rendered twice: the row drops what the header states","duration":9.6882999999998,"failureMessages":[],"meta":{},"tags":[]},{"ancestorTitles":["a mark carried by every row"],"fullName":"a mark carried by every row still renders a mark nobody suppressed","status":"passed","title":"still renders a mark nobody suppressed","duration":11.052599999999984,"failureMessages":[],"meta":{},"tags":[]},{"ancestorTitles":["warming-up, a second thin-baseline mark"],"fullName":"warming-up, a second thin-baseline mark is lifted off the rows when the whole board has it, like provisional","status":"passed","title":"is lifted off the rows when the whole board has it, like provisional","duration":0.5932000000002517,"failureMessages":[],"meta":{},"tags":[]},{"ancestorTitles":["warming-up, a second thin-baseline mark"],"fullName":"warming-up, a second thin-baseline mark stays on the row when only some rows carry it","status":"passed","title":"stays on the row when only some rows carry it","duration":0.3599000000003798,"failureMessages":[],"meta":{},"tags":[]},{"ancestorTitles":["warming-up, a second thin-baseline mark"],"fullName":"warming-up, a second thin-baseline mark renders on the row like any other mark","status":"passed","title":"renders on the row like any other mark","duration":9.527500000000146,"failureMessages":[],"meta":{},"tags":[]}],"startTime":1789600670114,"endTime":1789600670341.5276,"status":"passed","message":"","name":"C:/Users/michi/Desktop/CodingStuff/.worktrees/radar-selected-price-charts/personal_apps/static/radar/src/list/marks.test.tsx"},{"assertionResults":[{"ancestorTitles":["the spend footnote"],"fullName":"the spend footnote reports today and the month","status":"passed","title":"reports today and the month","duration":94.76830000000018,"failureMessages":[],"meta":{},"tags":[]},{"ancestorTitles":["the spend footnote"],"fullName":"the spend footnote says nothing before the first pass has booked anything","status":"passed","title":"says nothing before the first pass has booked anything","duration":12.814699999999448,"failureMessages":[],"meta":{},"tags":[]},{"ancestorTitles":["the spend footnote"],"fullName":"the spend footnote is silent on a zero rather than drawing an empty band","status":"passed","title":"is silent on a zero rather than drawing an empty band","duration":3.2013999999999214,"failureMessages":[],"meta":{},"tags":[]},{"ancestorTitles":["the spend footnote"],"fullName":"the spend footnote drops to cents once there are dollars to round","status":"passed","title":"drops to cents once there are dollars to round","duration":7.707599999999729,"failureMessages":[],"meta":{},"tags":[]},{"ancestorTitles":["the spend footnote"],"fullName":"the spend footnote surfaces tokens that have no price without inventing one","status":"passed","title":"surfaces tokens that have no price without inventing one","duration":86.0018,"failureMessages":[],"meta":{},"tags":[]},{"ancestorTitles":["the spend footnote"],"fullName":"the spend footnote groups the token count the way every other figure here is grouped","status":"passed","title":"groups the token count the way every other figure here is grouped","duration":42.17820000000029,"failureMessages":[],"meta":{},"tags":[]},{"ancestorTitles":["the review meter line"],"fullName":"the review meter line shows served over unique demand once the tier wants anything","status":"passed","title":"shows served over unique demand once the tier wants anything","duration":12.119299999999384,"failureMessages":[],"meta":{},"tags":[]},{"ancestorTitles":["the review meter line"],"fullName":"the review meter line stays silent while the review tier has demanded nothing","status":"passed","title":"stays silent while the review tier has demanded nothing","duration":13.134399999999914,"failureMessages":[],"meta":{},"tags":[]},{"ancestorTitles":["the judge gate line"],"fullName":"the judge gate line says how many mentions the gate left unread","status":"passed","title":"says how many mentions the gate left unread","duration":6.679399999999987,"failureMessages":[],"meta":{},"tags":[]},{"ancestorTitles":["the judge gate line"],"fullName":"the judge gate line says nothing while the gate has held nothing back","status":"passed","title":"says nothing while the gate has held nothing back","duration":5.376400000000103,"failureMessages":[],"meta":{},"tags":[]}],"startTime":1789600670678,"endTime":1789600670966.3765,"status":"passed","message":"","name":"C:/Users/michi/Desktop/CodingStuff/.worktrees/radar-selected-price-charts/personal_apps/static/radar/src/list/Spend.test.tsx"},{"assertionResults":[{"ancestorTitles":["the spend mark in the masthead"],"fullName":"the spend mark in the masthead says today's figure and carries the month for anyone who asks","status":"passed","title":"says today's figure and carries the month for anyone who asks","duration":88.96259999999984,"failureMessages":[],"meta":{},"tags":[]},{"ancestorTitles":["the spend mark in the masthead"],"fullName":"the spend mark in the masthead never reads as a broken meter: a day that rounds to nothing says so","status":"passed","title":"never reads as a broken meter: a day that rounds to nothing says so","duration":20.284700000000157,"failureMessages":[],"meta":{},"tags":[]},{"ancestorTitles":["the spend mark in the masthead"],"fullName":"the spend mark in the masthead is absent until the first pass books something","status":"passed","title":"is absent until the first pass books something","duration":4.931700000000092,"failureMessages":[],"meta":{},"tags":[]}],"startTime":1789600671355,"endTime":1789600671468.9316,"status":"passed","message":"","name":"C:/Users/michi/Desktop/CodingStuff/.worktrees/radar-selected-price-charts/personal_apps/static/radar/src/list/SpendMark.test.tsx"},{"assertionResults":[{"ancestorTitles":["a ticker row"],"fullName":"a ticker row shows the lean as a washed chip: green bullish, red bearish, gray even","status":"passed","title":"shows the lean as a washed chip: green bullish, red bearish, gray even","duration":198.8782000000001,"failureMessages":[],"meta":{},"tags":[]},{"ancestorTitles":["a ticker row"],"fullName":"a ticker row summarises the finding in the facts column","status":"passed","title":"summarises the finding in the facts column","duration":25.945699999999306,"failureMessages":[],"meta":{},"tags":[]},{"ancestorTitles":["a ticker row"],"fullName":"a ticker row takes the move verdict from the clause kind, never from the text","status":"passed","title":"takes the move verdict from the clause kind, never from the text","duration":16.224099999999453,"failureMessages":[],"meta":{},"tags":[]},{"ancestorTitles":["a ticker row"],"fullName":"a ticker row never renders a ratio against a zero baseline","status":"passed","title":"never renders a ratio against a zero baseline","duration":10.082299999999123,"failureMessages":[],"meta":{},"tags":[]},{"ancestorTitles":["a ticker row"],"fullName":"a ticker row reports selection by ticker without navigating","status":"passed","title":"reports selection by ticker without navigating","duration":246.6153000000004,"failureMessages":[],"meta":{},"tags":[]},{"ancestorTitles":["a ticker row"],"fullName":"a ticker row is a real link so a ticker can be opened in a new tab","status":"passed","title":"is a real link so a ticker can be opened in a new tab","duration":28.607500000000073,"failureMessages":[],"meta":{},"tags":[]},{"ancestorTitles":["a ticker row"],"fullName":"a ticker row keeps the complete current selection in modified-click and copied links","status":"passed","title":"keeps the complete current selection in modified-click and copied links","duration":47.339099999999235,"failureMessages":[],"meta":{},"tags":[]},{"ancestorTitles":["a ticker row"],"fullName":"a ticker row marks the selected row for assistive tech, not only in colour","status":"passed","title":"marks the selected row for assistive tech, not only in colour","duration":19.728000000000065,"failureMessages":[],"meta":{},"tags":[]},{"ancestorTitles":["a ticker row"],"fullName":"a ticker row never marks a row as priced from another listing","status":"passed","title":"never marks a row as priced from another listing","duration":8.923999999999978,"failureMessages":[],"meta":{},"tags":[]},{"ancestorTitles":["a ticker row"],"fullName":"a ticker row warns about stale, EOD, and unavailable quotes in a human unit","status":"passed","title":"warns about stale, EOD, and unavailable quotes in a human unit","duration":117.35439999999926,"failureMessages":[],"meta":{},"tags":[]},{"ancestorTitles":["a ticker row"],"fullName":"a ticker row draws honest chart runs: a gap splits the area, and no prices means no line","status":"passed","title":"draws honest chart runs: a gap splits the area, and no prices means no line","duration":20.520299999999224,"failureMessages":[],"meta":{},"tags":[]},{"ancestorTitles":["a ticker row"],"fullName":"a ticker row explains ranking from the row's own session","status":"passed","title":"explains ranking from the row's own session","duration":83.37960000000021,"failureMessages":[],"meta":{},"tags":[]},{"ancestorTitles":["a ticker row"],"fullName":"a ticker row explains a EOD quote row with its serialized chatter score term","status":"passed","title":"explains a EOD quote row with its serialized chatter score term","duration":19.239400000000387,"failureMessages":[],"meta":{},"tags":[]},{"ancestorTitles":["a ticker row"],"fullName":"a ticker row explains a stale quote row with its serialized chatter score term","status":"passed","title":"explains a stale quote row with its serialized chatter score term","duration":26.19290000000001,"failureMessages":[],"meta":{},"tags":[]},{"ancestorTitles":["a ticker row"],"fullName":"a ticker row explains a unavailable quote row with its serialized chatter score term","status":"passed","title":"explains a unavailable quote row with its serialized chatter score term","duration":24.8154999999997,"failureMessages":[],"meta":{},"tags":[]},{"ancestorTitles":["a ticker row"],"fullName":"a ticker row explains a frozen live tape row with its serialized chatter score term","status":"passed","title":"explains a frozen live tape row with its serialized chatter score term","duration":89.25770000000011,"failureMessages":[],"meta":{},"tags":[]},{"ancestorTitles":["a ticker row"],"fullName":"a ticker row keeps an ineligible row on chatter if an old payload term disagrees","status":"passed","title":"keeps an ineligible row on chatter if an old payload term disagrees","duration":10.804699999999684,"failureMessages":[],"meta":{},"tags":[]},{"ancestorTitles":["the account of what was left out"],"fullName":"the account of what was left out names each reason the floor rejected something","status":"passed","title":"names each reason the floor rejected something","duration":9.674600000000282,"failureMessages":[],"meta":{},"tags":[]},{"ancestorTitles":["the account of what was left out"],"fullName":"the account of what was left out says nothing when nothing was left out","status":"passed","title":"says nothing when nothing was left out","duration":2.4354000000002998,"failureMessages":[],"meta":{},"tags":[]},{"ancestorTitles":["the account of what was left out"],"fullName":"the account of what was left out still counts a reason it has no wording for","status":"passed","title":"still counts a reason it has no wording for","duration":4.576100000000224,"failureMessages":[],"meta":{},"tags":[]}],"startTime":1789600660843,"endTime":1789600661855.5762,"status":"passed","message":"","name":"C:/Users/michi/Desktop/CodingStuff/.worktrees/radar-selected-price-charts/personal_apps/static/radar/src/list/TickerRow.test.tsx"},{"assertionResults":[{"ancestorTitles":["the two tiers"],"fullName":"the two tiers split where the server's divergence ordering ends","status":"passed","title":"split where the server's divergence ordering ends","duration":6.0801000000001295,"failureMessages":[],"meta":{},"tags":[]},{"ancestorTitles":["the two tiers"],"fullName":"the two tiers caption both tiers with their counts, in server order","status":"passed","title":"caption both tiers with their counts, in server order","duration":359.23209999999926,"failureMessages":[],"meta":{},"tags":[]},{"ancestorTitles":["the two tiers"],"fullName":"the two tiers render no captions on a closed market","status":"passed","title":"render no captions on a closed market","duration":134.34600000000046,"failureMessages":[],"meta":{},"tags":[]},{"ancestorTitles":["the two tiers"],"fullName":"the two tiers keep the scored caption at zero when an open market has nothing scored","status":"passed","title":"keep the scored caption at zero when an open market has nothing scored","duration":76.84180000000015,"failureMessages":[],"meta":{},"tags":[]},{"ancestorTitles":["the two tiers"],"fullName":"the two tiers sit under a column header that scrolls with them, so both share one width","status":"passed","title":"sit under a column header that scrolls with them, so both share one width","duration":68.33439999999973,"failureMessages":[],"meta":{},"tags":[]},{"ancestorTitles":["the two tiers"],"fullName":"the two tiers settle in only after a refetch, never on first paint","status":"passed","title":"settle in only after a refetch, never on first paint","duration":56.91850000000068,"failureMessages":[],"meta":{},"tags":[]},{"ancestorTitles":["the two tiers"],"fullName":"the two tiers name the term each tier is ordered by, so the rows need no prefix","status":"passed","title":"name the term each tier is ordered by, so the rows need no prefix","duration":55.09519999999975,"failureMessages":[],"meta":{},"tags":[]},{"ancestorTitles":["a sorted board"],"fullName":"a sorted board drops the tier captions for one flat list","status":"passed","title":"drops the tier captions for one flat list","duration":79.79600000000028,"failureMessages":[],"meta":{},"tags":[]},{"ancestorTitles":["a sorted board"],"fullName":"a sorted board keeps the captions when no sort is asked for","status":"passed","title":"keeps the captions when no sort is asked for","duration":36.527000000000044,"failureMessages":[],"meta":{},"tags":[]},{"ancestorTitles":["a sorted board"],"fullName":"a sorted board leaves Watching pinned above the sorted rows","status":"passed","title":"leaves Watching pinned above the sorted rows","duration":92.34119999999984,"failureMessages":[],"meta":{},"tags":[]},{"ancestorTitles":["marks against a shut exchange"],"fullName":"marks against a shut exchange heads the ranked rows so the marks do not bleed into the board","status":"passed","title":"heads the ranked rows so the marks do not bleed into the board","duration":129.88970000000063,"failureMessages":[],"meta":{},"tags":[]},{"ancestorTitles":["marks against a shut exchange"],"fullName":"marks against a shut exchange still says nothing when there are no marks to tell apart","status":"passed","title":"still says nothing when there are no marks to tell apart","duration":24.356599999999162,"failureMessages":[],"meta":{},"tags":[]}],"startTime":1789600666072,"endTime":1789600667192.3567,"status":"passed","message":"","name":"C:/Users/michi/Desktop/CodingStuff/.worktrees/radar-selected-price-charts/personal_apps/static/radar/src/list/tiers.test.tsx"},{"assertionResults":[{"ancestorTitles":["the Watching tier"],"fullName":"the Watching tier sits above the scored tier and takes its rows out of the ranked ones","status":"passed","title":"sits above the scored tier and takes its rows out of the ranked ones","duration":244.20129999999972,"failureMessages":[],"meta":{},"tags":[]},{"ancestorTitles":["the Watching tier"],"fullName":"the Watching tier orders the tier by the reader's marks, not by the server's array","status":"passed","title":"orders the tier by the reader's marks, not by the server's array","duration":55.99189999999999,"failureMessages":[],"meta":{},"tags":[]},{"ancestorTitles":["the Watching tier"],"fullName":"the Watching tier is absent when nothing is watched","status":"passed","title":"is absent when nothing is watched","duration":71.27299999999923,"failureMessages":[],"meta":{},"tags":[]},{"ancestorTitles":["the Watching tier"],"fullName":"the Watching tier shows a freshly starred board row at once, before the refetch brings its watch row","status":"passed","title":"shows a freshly starred board row at once, before the refetch brings its watch row","duration":76.82290000000012,"failureMessages":[],"meta":{},"tags":[]},{"ancestorTitles":["the Watching tier"],"fullName":"the Watching tier renders a quiet row with no score and the floor's reason","status":"passed","title":"renders a quiet row with no score and the floor's reason","duration":119.34990000000016,"failureMessages":[],"meta":{},"tags":[]},{"ancestorTitles":["the Watching tier"],"fullName":"the Watching tier lifts a mark to the header only when the watched rows carry it too","status":"passed","title":"lifts a mark to the header only when the watched rows carry it too","duration":57.756900000000314,"failureMessages":[],"meta":{},"tags":[]},{"ancestorTitles":["the Watching tier"],"fullName":"the Watching tier puts a star beside every row, named for its action","status":"passed","title":"puts a star beside every row, named for its action","duration":597.1484,"failureMessages":[],"meta":{},"tags":[]}],"startTime":1789600666037,"endTime":1789600667260.1484,"status":"passed","message":"","name":"C:/Users/michi/Desktop/CodingStuff/.worktrees/radar-selected-price-charts/personal_apps/static/radar/src/list/watchtier.test.tsx"}]}